Using pre-set license
Built from '2022.3/staging' branch; Version is '2022.3.25f1 (530ae0ba3889) revision 5442272'; Using compiler version '192829333'; Build Type 'Release'
OS: 'Windows 11  (10.0.22631) 64bit Core' Language: 'en' Physical Memory: 32467 MB
BatchMode: 1, IsHumanControllingUs: 0, StartBugReporterOnCrash: 0, Is64bit: 1, IsPro: 1

COMMAND LINE ARGUMENTS:
C:\Program Files\Unity\Hub\Editor\2022.3.25f1\Editor\Unity.exe
-adb2
-batchMode
-noUpm
-name
AssetImportWorker10
-projectPath
C:/Users/megan/Desktop/DICE-Fire-Escape-Simulation/DICE Fire Escape Simulation
-logFile
Logs/AssetImportWorker10.log
-srvPort
53337
Successfully changed project path to: C:/Users/megan/Desktop/DICE-Fire-Escape-Simulation/DICE Fire Escape Simulation
C:/Users/megan/Desktop/DICE-Fire-Escape-Simulation/DICE Fire Escape Simulation
[UnityMemory] Configuration Parameters - Can be set up in boot.config
    "memorysetup-bucket-allocator-granularity=16"
    "memorysetup-bucket-allocator-bucket-count=8"
    "memorysetup-bucket-allocator-block-size=33554432"
    "memorysetup-bucket-allocator-block-count=8"
    "memorysetup-main-allocator-block-size=16777216"
    "memorysetup-thread-allocator-block-size=16777216"
    "memorysetup-gfx-main-allocator-block-size=16777216"
    "memorysetup-gfx-thread-allocator-block-size=16777216"
    "memorysetup-cache-allocator-block-size=4194304"
    "memorysetup-typetree-allocator-block-size=2097152"
    "memorysetup-profiler-bucket-allocator-granularity=16"
    "memorysetup-profiler-bucket-allocator-bucket-count=8"
    "memorysetup-profiler-bucket-allocator-block-size=33554432"
    "memorysetup-profiler-bucket-allocator-block-count=8"
    "memorysetup-profiler-allocator-block-size=16777216"
    "memorysetup-profiler-editor-allocator-block-size=1048576"
    "memorysetup-temp-allocator-size-main=16777216"
    "memorysetup-job-temp-allocator-block-size=2097152"
    "memorysetup-job-temp-allocator-block-size-background=1048576"
    "memorysetup-job-temp-allocator-reduction-small-platforms=262144"
    "memorysetup-allocator-temp-initial-block-size-main=262144"
    "memorysetup-allocator-temp-initial-block-size-worker=262144"
    "memorysetup-temp-allocator-size-background-worker=32768"
    "memorysetup-temp-allocator-size-job-worker=262144"
    "memorysetup-temp-allocator-size-preload-manager=33554432"
    "memorysetup-temp-allocator-size-nav-mesh-worker=65536"
    "memorysetup-temp-allocator-size-audio-worker=65536"
    "memorysetup-temp-allocator-size-cloud-worker=32768"
    "memorysetup-temp-allocator-size-gi-baking-worker=262144"
    "memorysetup-temp-allocator-size-gfx=262144"
Player connection [2772] Host "[IP] 192.168.56.1 [Port] 0 [Flags] 2 [Guid] 3482834830 [EditorId] 3482834830 [Version] 1048832 [Id] WindowsEditor(7,LAPTOP-LHC9UVDE) [Debug] 1 [PackageName] WindowsEditor [ProjectName] Editor" joined multi-casting on [225.0.0.222:54997]...

Player connection [2772] Host "[IP] 192.168.56.1 [Port] 0 [Flags] 2 [Guid] 3482834830 [EditorId] 3482834830 [Version] 1048832 [Id] WindowsEditor(7,LAPTOP-LHC9UVDE) [Debug] 1 [PackageName] WindowsEditor [ProjectName] Editor" joined alternative multi-casting on [225.0.0.222:34997]...

[Physics::Module] Initialized MultithreadedJobDispatcher with 19 workers.
Refreshing native plugins compatible for Editor in 9.14 ms, found 4 plugins.
Preloading 0 native plugins for Editor in 0.00 ms.
Initialize engine version: 2022.3.25f1 (530ae0ba3889)
[Subsystems] Discovering subsystems at path C:/Program Files/Unity/Hub/Editor/2022.3.25f1/Editor/Data/Resources/UnitySubsystems
[Subsystems] Discovering subsystems at path C:/Users/megan/Desktop/DICE-Fire-Escape-Simulation/DICE Fire Escape Simulation/Assets
GfxDevice: creating device client; threaded=0; jobified=0
Direct3D:
    Version:  Direct3D 11.0 [level 11.1]
    Renderer: Intel(R) Iris(R) Xe Graphics (ID=0x46a6)
    Vendor:   Intel
    VRAM:     16233 MB
    Driver:   31.0.101.4502
Initialize mono
Mono path[0] = 'C:/Program Files/Unity/Hub/Editor/2022.3.25f1/Editor/Data/Managed'
Mono path[1] = 'C:/Program Files/Unity/Hub/Editor/2022.3.25f1/Editor/Data/MonoBleedingEdge/lib/mono/unityjit-win32'
Mono config path = 'C:/Program Files/Unity/Hub/Editor/2022.3.25f1/Editor/Data/MonoBleedingEdge/etc'
Using monoOptions --debugger-agent=transport=dt_socket,embedding=1,server=y,suspend=n,address=127.0.0.1:56328
Begin MonoManager ReloadAssembly
Registering precompiled unity dll's ...
Register platform support module: C:/Program Files/Unity/Hub/Editor/2022.3.25f1/Editor/Data/PlaybackEngines/WebGLSupport/UnityEditor.WebGL.Extensions.dll
Register platform support module: C:/Program Files/Unity/Hub/Editor/2022.3.25f1/Editor/Data/PlaybackEngines/WindowsStandaloneSupport/UnityEditor.WindowsStandalone.Extensions.dll
Registered in 0.008155 seconds.
- Loaded All Assemblies, in  0.414 seconds
Native extension for WindowsStandalone target not found
Native extension for WebGL target not found
Mono: successfully reloaded assembly
- Finished resetting the current domain, in  0.312 seconds
Domain Reload Profiling: 724ms
	BeginReloadAssembly (118ms)
		ExecutionOrderSort (0ms)
		DisableScriptedObjects (0ms)
		BackupInstance (0ms)
		ReleaseScriptingObjects (0ms)
		CreateAndSetChildDomain (1ms)
	RebuildCommonClasses (40ms)
	RebuildNativeTypeToScriptingClass (12ms)
	initialDomainReloadingComplete (72ms)
	LoadAllAssembliesAndSetupDomain (168ms)
		LoadAssemblies (117ms)
		RebuildTransferFunctionScriptingTraits (0ms)
		AnalyzeDomain (165ms)
			TypeCache.Refresh (164ms)
				TypeCache.ScanAssembly (148ms)
			ScanForSourceGeneratedMonoScriptInfo (0ms)
			ResolveRequiredComponents (1ms)
	FinalizeReload (312ms)
		ReleaseScriptCaches (0ms)
		RebuildScriptCaches (0ms)
		SetupLoadedEditorAssemblies (248ms)
			LogAssemblyErrors (0ms)
			InitializePlatformSupportModulesInManaged (12ms)
			SetLoadedEditorAssemblies (6ms)
			RefreshPlugins (0ms)
			BeforeProcessingInitializeOnLoad (3ms)
			ProcessInitializeOnLoadAttributes (176ms)
			ProcessInitializeOnLoadMethodAttributes (51ms)
			AfterProcessingInitializeOnLoad (0ms)
			EditorAssembliesLoaded (0ms)
		ExecutionOrderSort2 (0ms)
		AwakeInstancesAfterBackupRestoration (0ms)
========================================================================
Worker process is ready to serve import requests
Begin MonoManager ReloadAssembly
- Loaded All Assemblies, in  0.855 seconds
Refreshing native plugins compatible for Editor in 4.10 ms, found 4 plugins.
Native extension for WindowsStandalone target not found
Native extension for WebGL target not found
Package Manager log level set to [2]
[Package Manager] Server::EnsureServerProcessIsRunning -- launch failed, reason: Unity was launched with the -noUpm command-line argument
[Package Manager] UpmClient::Send -- Unable to send message (not connected to UPM process).
[Package Manager] Cannot connect to Unity Package Manager local server
Mono: successfully reloaded assembly
- Finished resetting the current domain, in  1.152 seconds
Domain Reload Profiling: 2005ms
	BeginReloadAssembly (172ms)
		ExecutionOrderSort (0ms)
		DisableScriptedObjects (6ms)
		BackupInstance (0ms)
		ReleaseScriptingObjects (0ms)
		CreateAndSetChildDomain (24ms)
	RebuildCommonClasses (36ms)
	RebuildNativeTypeToScriptingClass (14ms)
	initialDomainReloadingComplete (44ms)
	LoadAllAssembliesAndSetupDomain (587ms)
		LoadAssemblies (372ms)
		RebuildTransferFunctionScriptingTraits (0ms)
		AnalyzeDomain (310ms)
			TypeCache.Refresh (266ms)
				TypeCache.ScanAssembly (248ms)
			ScanForSourceGeneratedMonoScriptInfo (32ms)
			ResolveRequiredComponents (8ms)
	FinalizeReload (1153ms)
		ReleaseScriptCaches (0ms)
		RebuildScriptCaches (0ms)
		SetupLoadedEditorAssemblies (934ms)
			LogAssemblyErrors (0ms)
			InitializePlatformSupportModulesInManaged (7ms)
			SetLoadedEditorAssemblies (5ms)
			RefreshPlugins (0ms)
			BeforeProcessingInitializeOnLoad (94ms)
			ProcessInitializeOnLoadAttributes (760ms)
			ProcessInitializeOnLoadMethodAttributes (61ms)
			AfterProcessingInitializeOnLoad (6ms)
			EditorAssembliesLoaded (0ms)
		ExecutionOrderSort2 (0ms)
		AwakeInstancesAfterBackupRestoration (6ms)
Launched and connected shader compiler UnityShaderCompiler.exe after 0.13 seconds
Refreshing native plugins compatible for Editor in 4.48 ms, found 4 plugins.
Preloading 0 native plugins for Editor in 0.00 ms.
Unloading 5677 Unused Serialized files (Serialized files now loaded: 0)
Unloading 77 unused Assets / (2.5 MB). Loaded Objects now: 6142.
Memory consumption went from 210.1 MB to 207.7 MB.
Total: 5.773500 ms (FindLiveObjects: 0.412900 ms CreateObjectMapping: 0.276300 ms MarkObjects: 4.476500 ms  DeleteObjects: 0.606400 ms)

AssetImportParameters requested are different than current active one (requested -> active):
  custom:container-demuxer-ogg: 62fdf1f143b41e24485cea50d1cbac27 -> 
  custom:video-codec-MediaFoundation-h265: 746d11721c4dcdbdad8f713fa42b33f4 -> 
  custom:video-decoder-ogg-theora: a1e56fd34408186e4bbccfd4996cb3dc -> 
  custom:framework-win-MediaFoundation: 216162199b28c13a410421893ffa2e32 -> 
  custom:CustomObjectIndexerAttribute: 9a22284fe3817be447336de3de66b15e -> 
  custom:container-demuxer-webm: 4f35f7cbe854078d1ac9338744f61a02 -> 
  custom:container-muxer-webm: aa71ff27fc2769a1b78a27578f13a17b -> 
  custom:video-decoder-webm-vp8: 9c59270c3fd7afecdb556c50c9e8de78 -> 
  custom:SearchIndexIgnoredProperties: e643bd26f0fe6173181afceb89e7c659 -> 
  custom:AudioImporter_EditorPlatform: d09bf68614088b80899f8185d706f6e7 -> 
  custom:video-encoder-webm-vp8: eb34c28f22e8b96e1ab97ce403110664 -> 
  custom:audio-decoder-ogg-vorbis: bf7c407c2cedff20999df2af8eb42d56 -> 
  custom:audio-encoder-webm-vorbis: bf7c407c2cedff20999df2af8eb42d56 -> 
========================================================================
Received Import Request.
  Time since last request: 1672880.686738 seconds.
  path: Packages/com.unity.searcher/Editor/Resources/FlatSkin/Font/Roboto-Black.ttf
  artifactKey: Guid(1062c701058745940ae5dca6219c64c8) Importer(815301076,1909f56bfc062723c751e8b465ee728b)
Start importing Packages/com.unity.searcher/Editor/Resources/FlatSkin/Font/Roboto-Black.ttf using Guid(1062c701058745940ae5dca6219c64c8) Importer(815301076,1909f56bfc062723c751e8b465ee728b)  -> (artifact id: 'f37a3720d24c7c01fe40f6ae06933435') in 0.195071 seconds
Number of updated asset objects reloaded before import = 0
Number of asset objects unloaded after import = 4
========================================================================
Received Import Request.
  Time since last request: 2176.701711 seconds.
  path: Assets/TextMesh Pro/Resources/Fonts & Materials/LiberationSans SDF - Outline.mat
  artifactKey: Guid(79459efec17a4d00a321bdcc27bbc385) Importer(815301076,1909f56bfc062723c751e8b465ee728b)
Start importing Assets/TextMesh Pro/Resources/Fonts & Materials/LiberationSans SDF - Outline.mat using Guid(79459efec17a4d00a321bdcc27bbc385) Importer(815301076,1909f56bfc062723c751e8b465ee728b)  -> (artifact id: '5ae1c1fb26785f7342554865d5be4bf4') in 0.118245 seconds
Number of updated asset objects reloaded before import = 0
Number of asset objects unloaded after import = 3
========================================================================
Received Import Request.
  Time since last request: 0.000028 seconds.
  path: Assets/TextMesh Pro/Resources/Fonts & Materials/LiberationSans SDF.asset
  artifactKey: Guid(8f586378b4e144a9851e7b34d9b748ee) Importer(815301076,1909f56bfc062723c751e8b465ee728b)
Start importing Assets/TextMesh Pro/Resources/Fonts & Materials/LiberationSans SDF.asset using Guid(8f586378b4e144a9851e7b34d9b748ee) Importer(815301076,1909f56bfc062723c751e8b465ee728b)  -> (artifact id: '1ece11e5c77a66318f174f23b68cddc1') in 0.108432 seconds
Number of updated asset objects reloaded before import = 0
Number of asset objects unloaded after import = 10
========================================================================
Received Import Request.
  Time since last request: 71.116008 seconds.
  path: Assets/Wand and Circles/Polygon City Free Pack - Environment and Interior/Prefabs/Trees/Tree_0.prefab
  artifactKey: Guid(b3346243102ac92468ba836d7a0084e5) Importer(815301076,1909f56bfc062723c751e8b465ee728b)
Start importing Assets/Wand and Circles/Polygon City Free Pack - Environment and Interior/Prefabs/Trees/Tree_0.prefab using Guid(b3346243102ac92468ba836d7a0084e5) Importer(815301076,1909f56bfc062723c751e8b465ee728b)  -> (artifact id: '2f887bb412117ff60c7fc8577f2817be') in 0.050805 seconds
Number of updated asset objects reloaded before import = 0
Number of asset objects unloaded after import = 10
========================================================================
Received Import Request.
  Time since last request: 0.000027 seconds.
  path: Assets/Wand and Circles/Polygon City Free Pack - Environment and Interior/Prefabs/Trees/Tree_4.prefab
  artifactKey: Guid(f4d2489e02987df4982f3e366aaef83f) Importer(815301076,1909f56bfc062723c751e8b465ee728b)
Start importing Assets/Wand and Circles/Polygon City Free Pack - Environment and Interior/Prefabs/Trees/Tree_4.prefab using Guid(f4d2489e02987df4982f3e366aaef83f) Importer(815301076,1909f56bfc062723c751e8b465ee728b)  -> (artifact id: '50f237bb3ac60997655b0a1f3dc180cb') in 0.023722 seconds
Number of updated asset objects reloaded before import = 0
Number of asset objects unloaded after import = 10
========================================================================
Received Import Request.
  Time since last request: 0.000020 seconds.
  path: Assets/Wand and Circles/Polygon City Free Pack - Environment and Interior/Prefabs/Trees/Tree_6.prefab
  artifactKey: Guid(6c1f2f3b773f6da48bfc2f52765a2383) Importer(815301076,1909f56bfc062723c751e8b465ee728b)
Start importing Assets/Wand and Circles/Polygon City Free Pack - Environment and Interior/Prefabs/Trees/Tree_6.prefab using Guid(6c1f2f3b773f6da48bfc2f52765a2383) Importer(815301076,1909f56bfc062723c751e8b465ee728b)  -> (artifact id: '8090201a6cc0c9ee070812efe4ccd921') in 0.022038 seconds
Number of updated asset objects reloaded before import = 0
Number of asset objects unloaded after import = 10
========================================================================
Received Import Request.
  Time since last request: 0.005814 seconds.
  path: Assets/Wand and Circles/Polygon City Free Pack - Environment and Interior/Prefabs/Trees/Tree_9.prefab
  artifactKey: Guid(cbd510bc670c4584ab658ff2abb2fd72) Importer(815301076,1909f56bfc062723c751e8b465ee728b)
Start importing Assets/Wand and Circles/Polygon City Free Pack - Environment and Interior/Prefabs/Trees/Tree_9.prefab using Guid(cbd510bc670c4584ab658ff2abb2fd72) Importer(815301076,1909f56bfc062723c751e8b465ee728b)  -> (artifact id: '168d2103f918f45077a4adcd2e5299f4') in 0.019816 seconds
Number of updated asset objects reloaded before import = 0
Number of asset objects unloaded after import = 10
========================================================================
Received Import Request.
  Time since last request: 0.000021 seconds.
  path: Assets/Wand and Circles/Polygon City Free Pack - Environment and Interior/Prefabs/Trees/Tree_5.prefab
  artifactKey: Guid(671057bf3cea25e439249d518c9ab427) Importer(815301076,1909f56bfc062723c751e8b465ee728b)
Start importing Assets/Wand and Circles/Polygon City Free Pack - Environment and Interior/Prefabs/Trees/Tree_5.prefab using Guid(671057bf3cea25e439249d518c9ab427) Importer(815301076,1909f56bfc062723c751e8b465ee728b)  -> (artifact id: '52615b1cfc2d5cebea4aed50c80b38d7') in 0.023060 seconds
Number of updated asset objects reloaded before import = 0
Number of asset objects unloaded after import = 10
========================================================================
Received Import Request.
  Time since last request: 0.000021 seconds.
  path: Assets/Wand and Circles/Polygon City Free Pack - Environment and Interior/Prefabs/Trees/Tree_16.prefab
  artifactKey: Guid(6339566973fe3ed47a437d5d03eea9b2) Importer(815301076,1909f56bfc062723c751e8b465ee728b)
Start importing Assets/Wand and Circles/Polygon City Free Pack - Environment and Interior/Prefabs/Trees/Tree_16.prefab using Guid(6339566973fe3ed47a437d5d03eea9b2) Importer(815301076,1909f56bfc062723c751e8b465ee728b)  -> (artifact id: '431229ebf399e7baf71617f583c90da5') in 0.020740 seconds
Number of updated asset objects reloaded before import = 0
Number of asset objects unloaded after import = 10
========================================================================
Received Import Request.
  Time since last request: 0.000034 seconds.
  path: Assets/Wand and Circles/Polygon City Free Pack - Environment and Interior/Prefabs/Trees/Tree_20.prefab
  artifactKey: Guid(750c5497d5b292843acd956d194bfb73) Importer(815301076,1909f56bfc062723c751e8b465ee728b)
Start importing Assets/Wand and Circles/Polygon City Free Pack - Environment and Interior/Prefabs/Trees/Tree_20.prefab using Guid(750c5497d5b292843acd956d194bfb73) Importer(815301076,1909f56bfc062723c751e8b465ee728b)  -> (artifact id: '3961ab560025450ac5083244fbf71d23') in 0.018660 seconds
Number of updated asset objects reloaded before import = 0
Number of asset objects unloaded after import = 10
========================================================================
Received Import Request.
  Time since last request: 0.000020 seconds.
  path: Assets/Wand and Circles/Polygon City Free Pack - Environment and Interior/Prefabs/Trees/Tree_24.prefab
  artifactKey: Guid(fb9947bd463beaa4aa7375f6ddd8d9d9) Importer(815301076,1909f56bfc062723c751e8b465ee728b)
Start importing Assets/Wand and Circles/Polygon City Free Pack - Environment and Interior/Prefabs/Trees/Tree_24.prefab using Guid(fb9947bd463beaa4aa7375f6ddd8d9d9) Importer(815301076,1909f56bfc062723c751e8b465ee728b)  -> (artifact id: '2fb36452262d78e36a11c872562b743e') in 0.018128 seconds
Number of updated asset objects reloaded before import = 0
Number of asset objects unloaded after import = 10
========================================================================
Received Import Request.
  Time since last request: 0.000020 seconds.
  path: Assets/Wand and Circles/Polygon City Free Pack - Environment and Interior/Prefabs/Trees/Tree_27.prefab
  artifactKey: Guid(54f02fb8d2ae6594aa1211478bf71052) Importer(815301076,1909f56bfc062723c751e8b465ee728b)
Start importing Assets/Wand and Circles/Polygon City Free Pack - Environment and Interior/Prefabs/Trees/Tree_27.prefab using Guid(54f02fb8d2ae6594aa1211478bf71052) Importer(815301076,1909f56bfc062723c751e8b465ee728b)  -> (artifact id: '522ff62c5bdd07ba91ae57f6ffd9a53a') in 0.019451 seconds
Number of updated asset objects reloaded before import = 0
Number of asset objects unloaded after import = 10
========================================================================
Received Import Request.
  Time since last request: 0.000019 seconds.
  path: Assets/Wand and Circles/Polygon City Free Pack - Environment and Interior/Prefabs/Trees/Tree_30.prefab
  artifactKey: Guid(a3267b0d765bf3140b609489bfb08e89) Importer(815301076,1909f56bfc062723c751e8b465ee728b)
Start importing Assets/Wand and Circles/Polygon City Free Pack - Environment and Interior/Prefabs/Trees/Tree_30.prefab using Guid(a3267b0d765bf3140b609489bfb08e89) Importer(815301076,1909f56bfc062723c751e8b465ee728b)  -> (artifact id: 'bb95275aaa9a35d3adc1f5d4098e97bd') in 0.019253 seconds
Number of updated asset objects reloaded before import = 0
Number of asset objects unloaded after import = 10
========================================================================
Received Import Request.
  Time since last request: 0.000024 seconds.
  path: Assets/Wand and Circles/Polygon City Free Pack - Environment and Interior/Prefabs/Trees/Tree_33.prefab
  artifactKey: Guid(55e2779e6396fa24289e5aaef0069acb) Importer(815301076,1909f56bfc062723c751e8b465ee728b)
Start importing Assets/Wand and Circles/Polygon City Free Pack - Environment and Interior/Prefabs/Trees/Tree_33.prefab using Guid(55e2779e6396fa24289e5aaef0069acb) Importer(815301076,1909f56bfc062723c751e8b465ee728b)  -> (artifact id: '2fefd324a398879a23a5cbdd2f565467') in 0.018668 seconds
Number of updated asset objects reloaded before import = 0
Number of asset objects unloaded after import = 10
========================================================================
Received Import Request.
  Time since last request: 0.000043 seconds.
  path: Assets/Wand and Circles/Polygon City Free Pack - Environment and Interior/Prefabs/Trees/Tree_37.prefab
  artifactKey: Guid(3412a07407075b246a14e3fe1ac3a50d) Importer(815301076,1909f56bfc062723c751e8b465ee728b)
Start importing Assets/Wand and Circles/Polygon City Free Pack - Environment and Interior/Prefabs/Trees/Tree_37.prefab using Guid(3412a07407075b246a14e3fe1ac3a50d) Importer(815301076,1909f56bfc062723c751e8b465ee728b)  -> (artifact id: '8b0a8dd572ba07904ad24c5e667cb9f7') in 0.028174 seconds
Number of updated asset objects reloaded before import = 0
Number of asset objects unloaded after import = 10
========================================================================
Received Import Request.
  Time since last request: 0.000041 seconds.
  path: Assets/Wand and Circles/Polygon City Free Pack - Environment and Interior/Prefabs/Trees/Tree_7.prefab
  artifactKey: Guid(702e3bcb3cd9c344d86166500986baa5) Importer(815301076,1909f56bfc062723c751e8b465ee728b)
Start importing Assets/Wand and Circles/Polygon City Free Pack - Environment and Interior/Prefabs/Trees/Tree_7.prefab using Guid(702e3bcb3cd9c344d86166500986baa5) Importer(815301076,1909f56bfc062723c751e8b465ee728b)  -> (artifact id: 'c42206c4d169ff56de382de19c1968d6') in 0.024237 seconds
Number of updated asset objects reloaded before import = 0
Number of asset objects unloaded after import = 10
========================================================================
Received Import Request.
  Time since last request: 0.000021 seconds.
  path: Assets/Wand and Circles/Polygon City Free Pack - Environment and Interior/Prefabs/Trees/Tree_23.prefab
  artifactKey: Guid(c62714803f850ff4fbaad7aab670523f) Importer(815301076,1909f56bfc062723c751e8b465ee728b)
Start importing Assets/Wand and Circles/Polygon City Free Pack - Environment and Interior/Prefabs/Trees/Tree_23.prefab using Guid(c62714803f850ff4fbaad7aab670523f) Importer(815301076,1909f56bfc062723c751e8b465ee728b)  -> (artifact id: '8a12fb2c4c5e591b73f5006fdf274646') in 0.030411 seconds
Number of updated asset objects reloaded before import = 0
Number of asset objects unloaded after import = 10
========================================================================
Received Import Request.
  Time since last request: 0.000024 seconds.
  path: Assets/Wand and Circles/Polygon City Free Pack - Environment and Interior/Prefabs/Trees/Tree_14.prefab
  artifactKey: Guid(26541c724b5c3c1449d45eba2b99f803) Importer(815301076,1909f56bfc062723c751e8b465ee728b)
Start importing Assets/Wand and Circles/Polygon City Free Pack - Environment and Interior/Prefabs/Trees/Tree_14.prefab using Guid(26541c724b5c3c1449d45eba2b99f803) Importer(815301076,1909f56bfc062723c751e8b465ee728b)  -> (artifact id: '9172dfab1dcea4759bef646be23c86e5') in 0.029461 seconds
Number of updated asset objects reloaded before import = 0
Number of asset objects unloaded after import = 10
========================================================================
Received Import Request.
  Time since last request: 0.000031 seconds.
  path: Assets/Wand and Circles/Polygon City Free Pack - Environment and Interior/Prefabs/Trees/Tree_35.prefab
  artifactKey: Guid(7e975e51b19bd0e4aba434b404243d30) Importer(815301076,1909f56bfc062723c751e8b465ee728b)
Start importing Assets/Wand and Circles/Polygon City Free Pack - Environment and Interior/Prefabs/Trees/Tree_35.prefab using Guid(7e975e51b19bd0e4aba434b404243d30) Importer(815301076,1909f56bfc062723c751e8b465ee728b)  -> (artifact id: '0566dcf1cca6fafd41e730ba5d04a1b9') in 0.031132 seconds
Number of updated asset objects reloaded before import = 0
Number of asset objects unloaded after import = 10
========================================================================
Received Import Request.
  Time since last request: 0.000044 seconds.
  path: Assets/Wand and Circles/Polygon City Free Pack - Environment and Interior/Prefabs/Trees/Tree_22.prefab
  artifactKey: Guid(5e1fb6f0e76eb1e4cb15c28228754928) Importer(815301076,1909f56bfc062723c751e8b465ee728b)
Start importing Assets/Wand and Circles/Polygon City Free Pack - Environment and Interior/Prefabs/Trees/Tree_22.prefab using Guid(5e1fb6f0e76eb1e4cb15c28228754928) Importer(815301076,1909f56bfc062723c751e8b465ee728b)  -> (artifact id: 'ed6f8218ad5bfe41072038a33644076d') in 0.030495 seconds
Number of updated asset objects reloaded before import = 0
Number of asset objects unloaded after import = 10
========================================================================
Received Import Request.
  Time since last request: 0.000020 seconds.
  path: Assets/Wand and Circles/Polygon City Free Pack - Environment and Interior/Prefabs/Trees/Tree_21.prefab
  artifactKey: Guid(a243b9e001f8cac498844200c37de164) Importer(815301076,1909f56bfc062723c751e8b465ee728b)
Start importing Assets/Wand and Circles/Polygon City Free Pack - Environment and Interior/Prefabs/Trees/Tree_21.prefab using Guid(a243b9e001f8cac498844200c37de164) Importer(815301076,1909f56bfc062723c751e8b465ee728b)  -> (artifact id: 'e298e23b37f95eb1c8578ffe8276c794') in 0.040391 seconds
Number of updated asset objects reloaded before import = 0
Number of asset objects unloaded after import = 10
========================================================================
Received Import Request.
  Time since last request: 0.000024 seconds.
  path: Assets/Wand and Circles/Polygon City Free Pack - Environment and Interior/Prefabs/Trees/Tree_29.prefab
  artifactKey: Guid(0b3ba913a71cfba43abcae30095e3cf7) Importer(815301076,1909f56bfc062723c751e8b465ee728b)
Start importing Assets/Wand and Circles/Polygon City Free Pack - Environment and Interior/Prefabs/Trees/Tree_29.prefab using Guid(0b3ba913a71cfba43abcae30095e3cf7) Importer(815301076,1909f56bfc062723c751e8b465ee728b)  -> (artifact id: 'dc51949138668fc2bf318a48d3e636cb') in 0.018549 seconds
Number of updated asset objects reloaded before import = 0
Number of asset objects unloaded after import = 10
