Using pre-set license
Built from '2022.3/staging' branch; Version is '2022.3.25f1 (530ae0ba3889) revision 5442272'; Using compiler version '192829333'; Build Type 'Release'
OS: 'Windows 11  (10.0.22631) 64bit Core' Language: 'en' Physical Memory: 32467 MB
BatchMode: 1, IsHumanControllingUs: 0, StartBugReporterOnCrash: 0, Is64bit: 1, IsPro: 1

COMMAND LINE ARGUMENTS:
C:\Program Files\Unity\Hub\Editor\2022.3.25f1\Editor\Unity.exe
-adb2
-batchMode
-noUpm
-name
AssetImportWorker3
-projectPath
C:/Users/megan/Desktop/DICE-Fire-Escape-Simulation/DICE Fire Escape Simulation
-logFile
Logs/AssetImportWorker3.log
-srvPort
53254
Successfully changed project path to: C:/Users/megan/Desktop/DICE-Fire-Escape-Simulation/DICE Fire Escape Simulation
C:/Users/megan/Desktop/DICE-Fire-Escape-Simulation/DICE Fire Escape Simulation
[UnityMemory] Configuration Parameters - Can be set up in boot.config
    "memorysetup-bucket-allocator-granularity=16"
    "memorysetup-bucket-allocator-bucket-count=8"
    "memorysetup-bucket-allocator-block-size=33554432"
    "memorysetup-bucket-allocator-block-count=8"
    "memorysetup-main-allocator-block-size=16777216"
    "memorysetup-thread-allocator-block-size=16777216"
    "memorysetup-gfx-main-allocator-block-size=16777216"
    "memorysetup-gfx-thread-allocator-block-size=16777216"
    "memorysetup-cache-allocator-block-size=4194304"
    "memorysetup-typetree-allocator-block-size=2097152"
    "memorysetup-profiler-bucket-allocator-granularity=16"
    "memorysetup-profiler-bucket-allocator-bucket-count=8"
    "memorysetup-profiler-bucket-allocator-block-size=33554432"
    "memorysetup-profiler-bucket-allocator-block-count=8"
    "memorysetup-profiler-allocator-block-size=16777216"
    "memorysetup-profiler-editor-allocator-block-size=1048576"
    "memorysetup-temp-allocator-size-main=16777216"
    "memorysetup-job-temp-allocator-block-size=2097152"
    "memorysetup-job-temp-allocator-block-size-background=1048576"
    "memorysetup-job-temp-allocator-reduction-small-platforms=262144"
    "memorysetup-allocator-temp-initial-block-size-main=262144"
    "memorysetup-allocator-temp-initial-block-size-worker=262144"
    "memorysetup-temp-allocator-size-background-worker=32768"
    "memorysetup-temp-allocator-size-job-worker=262144"
    "memorysetup-temp-allocator-size-preload-manager=33554432"
    "memorysetup-temp-allocator-size-nav-mesh-worker=65536"
    "memorysetup-temp-allocator-size-audio-worker=65536"
    "memorysetup-temp-allocator-size-cloud-worker=32768"
    "memorysetup-temp-allocator-size-gi-baking-worker=262144"
    "memorysetup-temp-allocator-size-gfx=262144"
Player connection [32220] Host "[IP] 192.168.56.1 [Port] 0 [Flags] 2 [Guid] 3292394512 [EditorId] 3292394512 [Version] 1048832 [Id] WindowsEditor(7,LAPTOP-LHC9UVDE) [Debug] 1 [PackageName] WindowsEditor [ProjectName] Editor" joined multi-casting on [225.0.0.222:54997]...

Player connection [32220] Host "[IP] 192.168.56.1 [Port] 0 [Flags] 2 [Guid] 3292394512 [EditorId] 3292394512 [Version] 1048832 [Id] WindowsEditor(7,LAPTOP-LHC9UVDE) [Debug] 1 [PackageName] WindowsEditor [ProjectName] Editor" joined alternative multi-casting on [225.0.0.222:34997]...

[Physics::Module] Initialized MultithreadedJobDispatcher with 19 workers.
Refreshing native plugins compatible for Editor in 8.87 ms, found 4 plugins.
Preloading 0 native plugins for Editor in 0.00 ms.
Initialize engine version: 2022.3.25f1 (530ae0ba3889)
[Subsystems] Discovering subsystems at path C:/Program Files/Unity/Hub/Editor/2022.3.25f1/Editor/Data/Resources/UnitySubsystems
[Subsystems] Discovering subsystems at path C:/Users/megan/Desktop/DICE-Fire-Escape-Simulation/DICE Fire Escape Simulation/Assets
GfxDevice: creating device client; threaded=0; jobified=0
Direct3D:
    Version:  Direct3D 11.0 [level 11.1]
    Renderer: Intel(R) Iris(R) Xe Graphics (ID=0x46a6)
    Vendor:   Intel
    VRAM:     16233 MB
    Driver:   31.0.101.4502
Initialize mono
Mono path[0] = 'C:/Program Files/Unity/Hub/Editor/2022.3.25f1/Editor/Data/Managed'
Mono path[1] = 'C:/Program Files/Unity/Hub/Editor/2022.3.25f1/Editor/Data/MonoBleedingEdge/lib/mono/unityjit-win32'
Mono config path = 'C:/Program Files/Unity/Hub/Editor/2022.3.25f1/Editor/Data/MonoBleedingEdge/etc'
Using monoOptions --debugger-agent=transport=dt_socket,embedding=1,server=y,suspend=n,address=127.0.0.1:56060
Begin MonoManager ReloadAssembly
Registering precompiled unity dll's ...
Register platform support module: C:/Program Files/Unity/Hub/Editor/2022.3.25f1/Editor/Data/PlaybackEngines/WebGLSupport/UnityEditor.WebGL.Extensions.dll
Register platform support module: C:/Program Files/Unity/Hub/Editor/2022.3.25f1/Editor/Data/PlaybackEngines/WindowsStandaloneSupport/UnityEditor.WindowsStandalone.Extensions.dll
Registered in 0.007527 seconds.
- Loaded All Assemblies, in  0.426 seconds
Native extension for WindowsStandalone target not found
Native extension for WebGL target not found
Mono: successfully reloaded assembly
- Finished resetting the current domain, in  0.321 seconds
Domain Reload Profiling: 746ms
	BeginReloadAssembly (140ms)
		ExecutionOrderSort (0ms)
		DisableScriptedObjects (0ms)
		BackupInstance (0ms)
		ReleaseScriptingObjects (0ms)
		CreateAndSetChildDomain (1ms)
	RebuildCommonClasses (37ms)
	RebuildNativeTypeToScriptingClass (11ms)
	initialDomainReloadingComplete (63ms)
	LoadAllAssembliesAndSetupDomain (173ms)
		LoadAssemblies (138ms)
		RebuildTransferFunctionScriptingTraits (0ms)
		AnalyzeDomain (171ms)
			TypeCache.Refresh (169ms)
				TypeCache.ScanAssembly (155ms)
			ScanForSourceGeneratedMonoScriptInfo (0ms)
			ResolveRequiredComponents (1ms)
	FinalizeReload (322ms)
		ReleaseScriptCaches (0ms)
		RebuildScriptCaches (0ms)
		SetupLoadedEditorAssemblies (256ms)
			LogAssemblyErrors (0ms)
			InitializePlatformSupportModulesInManaged (11ms)
			SetLoadedEditorAssemblies (7ms)
			RefreshPlugins (0ms)
			BeforeProcessingInitializeOnLoad (3ms)
			ProcessInitializeOnLoadAttributes (175ms)
			ProcessInitializeOnLoadMethodAttributes (61ms)
			AfterProcessingInitializeOnLoad (0ms)
			EditorAssembliesLoaded (0ms)
		ExecutionOrderSort2 (0ms)
		AwakeInstancesAfterBackupRestoration (0ms)
========================================================================
Worker process is ready to serve import requests
Begin MonoManager ReloadAssembly
- Loaded All Assemblies, in  0.791 seconds
Refreshing native plugins compatible for Editor in 3.11 ms, found 4 plugins.
Native extension for WindowsStandalone target not found
Native extension for WebGL target not found
Package Manager log level set to [2]
[Package Manager] Server::EnsureServerProcessIsRunning -- launch failed, reason: Unity was launched with the -noUpm command-line argument
[Package Manager] UpmClient::Send -- Unable to send message (not connected to UPM process).
[Package Manager] Cannot connect to Unity Package Manager local server
Mono: successfully reloaded assembly
- Finished resetting the current domain, in  0.962 seconds
Domain Reload Profiling: 1750ms
	BeginReloadAssembly (179ms)
		ExecutionOrderSort (0ms)
		DisableScriptedObjects (10ms)
		BackupInstance (0ms)
		ReleaseScriptingObjects (0ms)
		CreateAndSetChildDomain (22ms)
	RebuildCommonClasses (39ms)
	RebuildNativeTypeToScriptingClass (19ms)
	initialDomainReloadingComplete (46ms)
	LoadAllAssembliesAndSetupDomain (505ms)
		LoadAssemblies (370ms)
		RebuildTransferFunctionScriptingTraits (0ms)
		AnalyzeDomain (239ms)
			TypeCache.Refresh (207ms)
				TypeCache.ScanAssembly (185ms)
			ScanForSourceGeneratedMonoScriptInfo (25ms)
			ResolveRequiredComponents (6ms)
	FinalizeReload (962ms)
		ReleaseScriptCaches (0ms)
		RebuildScriptCaches (0ms)
		SetupLoadedEditorAssemblies (757ms)
			LogAssemblyErrors (0ms)
			InitializePlatformSupportModulesInManaged (12ms)
			SetLoadedEditorAssemblies (6ms)
			RefreshPlugins (0ms)
			BeforeProcessingInitializeOnLoad (78ms)
			ProcessInitializeOnLoadAttributes (632ms)
			ProcessInitializeOnLoadMethodAttributes (23ms)
			AfterProcessingInitializeOnLoad (6ms)
			EditorAssembliesLoaded (0ms)
		ExecutionOrderSort2 (0ms)
		AwakeInstancesAfterBackupRestoration (9ms)
Launched and connected shader compiler UnityShaderCompiler.exe after 0.09 seconds
Refreshing native plugins compatible for Editor in 3.09 ms, found 4 plugins.
Preloading 0 native plugins for Editor in 0.00 ms.
Unloading 3985 Unused Serialized files (Serialized files now loaded: 0)
Unloading 65 unused Assets / (1.4 MB). Loaded Objects now: 4442.
Memory consumption went from 163.4 MB to 161.9 MB.
Total: 4.227400 ms (FindLiveObjects: 0.294600 ms CreateObjectMapping: 0.135400 ms MarkObjects: 3.394400 ms  DeleteObjects: 0.401000 ms)

AssetImportParameters requested are different than current active one (requested -> active):
  custom:container-demuxer-ogg: 62fdf1f143b41e24485cea50d1cbac27 -> 
  custom:video-codec-MediaFoundation-h265: 746d11721c4dcdbdad8f713fa42b33f4 -> 
  custom:video-decoder-ogg-theora: a1e56fd34408186e4bbccfd4996cb3dc -> 
  custom:framework-win-MediaFoundation: 216162199b28c13a410421893ffa2e32 -> 
  custom:CustomObjectIndexerAttribute: 9a22284fe3817be447336de3de66b15e -> 
  custom:container-demuxer-webm: 4f35f7cbe854078d1ac9338744f61a02 -> 
  custom:container-muxer-webm: aa71ff27fc2769a1b78a27578f13a17b -> 
  custom:video-decoder-webm-vp8: 9c59270c3fd7afecdb556c50c9e8de78 -> 
  custom:SearchIndexIgnoredProperties: e643bd26f0fe6173181afceb89e7c659 -> 
  custom:AudioImporter_EditorPlatform: d09bf68614088b80899f8185d706f6e7 -> 
  custom:video-encoder-webm-vp8: eb34c28f22e8b96e1ab97ce403110664 -> 
  custom:audio-decoder-ogg-vorbis: bf7c407c2cedff20999df2af8eb42d56 -> 
  custom:audio-encoder-webm-vorbis: bf7c407c2cedff20999df2af8eb42d56 -> 
========================================================================
Received Import Request.
  Time since last request: 202637.015111 seconds.
  path: Assets/Wand and Circles/Polygon City Free Pack - Environment and Interior/Materials/StoneColors/3.mat
  artifactKey: Guid(ff313592d66113448b0cd5669786b838) Importer(2089858483,0ecaa5967403d082aa24f35e1b516d23)
Start importing Assets/Wand and Circles/Polygon City Free Pack - Environment and Interior/Materials/StoneColors/3.mat using Guid(ff313592d66113448b0cd5669786b838) Importer(2089858483,0ecaa5967403d082aa24f35e1b516d23)  -> (artifact id: '568e49c275a5f2cc4434f07c7c4d0abd') in 0.150389 seconds
Number of updated asset objects reloaded before import = 0
Number of asset objects unloaded after import = 1
========================================================================
Received Import Request.
  Time since last request: 0.000031 seconds.
  path: Assets/Wand and Circles/Polygon City Free Pack - Environment and Interior/CircleICO_2.png
  artifactKey: Guid(b86e0be351ca49c4a8e6217f302bb64a) Importer(2089858483,0ecaa5967403d082aa24f35e1b516d23)
Start importing Assets/Wand and Circles/Polygon City Free Pack - Environment and Interior/CircleICO_2.png using Guid(b86e0be351ca49c4a8e6217f302bb64a) Importer(2089858483,0ecaa5967403d082aa24f35e1b516d23)  -> (artifact id: '7efd83b43e2cb95c8d3abd083a420a15') in 0.091919 seconds
Number of updated asset objects reloaded before import = 0
Number of asset objects unloaded after import = 3
========================================================================
Received Import Request.
  Time since last request: 0.000024 seconds.
  path: Assets/Fake Interiors FREE/Assets/Texture/Facade_1.tga
  artifactKey: Guid(2b8f0780fef09d44a8603f5d452c2d63) Importer(2089858483,0ecaa5967403d082aa24f35e1b516d23)
Start importing Assets/Fake Interiors FREE/Assets/Texture/Facade_1.tga using Guid(2b8f0780fef09d44a8603f5d452c2d63) Importer(2089858483,0ecaa5967403d082aa24f35e1b516d23)  -> (artifact id: '935a2694fa7a4cc1fc54f2e5c4878841') in 0.046622 seconds
Number of updated asset objects reloaded before import = 0
Number of asset objects unloaded after import = 1
========================================================================
Received Import Request.
  Time since last request: 0.000074 seconds.
  path: Assets/Fake Interiors FREE/Assets/Texture/Brick_N.png
  artifactKey: Guid(e2f374f43d66c9647a243c4972f11b11) Importer(2089858483,0ecaa5967403d082aa24f35e1b516d23)
Start importing Assets/Fake Interiors FREE/Assets/Texture/Brick_N.png using Guid(e2f374f43d66c9647a243c4972f11b11) Importer(2089858483,0ecaa5967403d082aa24f35e1b516d23)  -> (artifact id: 'e1a8cd42708dd9d86fec52168e1d734a') in 0.057847 seconds
Number of updated asset objects reloaded before import = 0
Number of asset objects unloaded after import = 1
========================================================================
Received Import Request.
  Time since last request: 0.000092 seconds.
  path: Assets/Wand and Circles/Polygon City Free Pack - Environment and Interior/Materials/Colors.mat
  artifactKey: Guid(717baea9ed33c494ea7afaafcdb24d1b) Importer(2089858483,0ecaa5967403d082aa24f35e1b516d23)
Start importing Assets/Wand and Circles/Polygon City Free Pack - Environment and Interior/Materials/Colors.mat using Guid(717baea9ed33c494ea7afaafcdb24d1b) Importer(2089858483,0ecaa5967403d082aa24f35e1b516d23)  -> (artifact id: '128e5b12dce534e12d1d6fc53a19b867') in 0.049879 seconds
Number of updated asset objects reloaded before import = 0
Number of asset objects unloaded after import = 2
========================================================================
Received Import Request.
  Time since last request: 0.000024 seconds.
  path: Assets/Fake Interiors FREE/Assets/Texture/Facade_1_Smoothness.png
  artifactKey: Guid(287e0edacb2bafd4cb5f0932536026ed) Importer(2089858483,0ecaa5967403d082aa24f35e1b516d23)
Start importing Assets/Fake Interiors FREE/Assets/Texture/Facade_1_Smoothness.png using Guid(287e0edacb2bafd4cb5f0932536026ed) Importer(2089858483,0ecaa5967403d082aa24f35e1b516d23)  -> (artifact id: 'dcf1c48cf4d082066bc4266ecd2ca113') in 0.052810 seconds
Number of updated asset objects reloaded before import = 0
Number of asset objects unloaded after import = 1
========================================================================
Received Import Request.
  Time since last request: 0.000132 seconds.
  path: Assets/Fake Interiors FREE/Assets/Texture/WindowDirt_Smoothness.png
  artifactKey: Guid(485f30d531bbc6b49977a6b7791aa526) Importer(2089858483,0ecaa5967403d082aa24f35e1b516d23)
Start importing Assets/Fake Interiors FREE/Assets/Texture/WindowDirt_Smoothness.png using Guid(485f30d531bbc6b49977a6b7791aa526) Importer(2089858483,0ecaa5967403d082aa24f35e1b516d23)  -> (artifact id: '74ed7406888b9528f4a02bc2994e128b') in 0.057717 seconds
Number of updated asset objects reloaded before import = 0
Number of asset objects unloaded after import = 1
========================================================================
Received Import Request.
  Time since last request: 0.000028 seconds.
  path: Assets/Wand and Circles/Polygon City Free Pack - Environment and Interior/Prefabs/Desks/Desk_4.prefab
  artifactKey: Guid(d89f0cafd7abc314984a752750667262) Importer(2089858483,0ecaa5967403d082aa24f35e1b516d23)
Start importing Assets/Wand and Circles/Polygon City Free Pack - Environment and Interior/Prefabs/Desks/Desk_4.prefab using Guid(d89f0cafd7abc314984a752750667262) Importer(2089858483,0ecaa5967403d082aa24f35e1b516d23)  -> (artifact id: 'f40aece145d0cfd55345cc76dc3b76ba') in 0.073947 seconds
Number of updated asset objects reloaded before import = 0
Number of asset objects unloaded after import = 8
========================================================================
Received Import Request.
  Time since last request: 0.000039 seconds.
  path: Assets/Wand and Circles/Polygon City Free Pack - Environment and Interior/Prefabs/Desks/Desk_9.prefab
  artifactKey: Guid(6bd930ad73b9ff84daa128f8c0f85b65) Importer(2089858483,0ecaa5967403d082aa24f35e1b516d23)
Start importing Assets/Wand and Circles/Polygon City Free Pack - Environment and Interior/Prefabs/Desks/Desk_9.prefab using Guid(6bd930ad73b9ff84daa128f8c0f85b65) Importer(2089858483,0ecaa5967403d082aa24f35e1b516d23)  -> (artifact id: 'd60a7f27f926ddcdb8f482e163e7f647') in 0.045112 seconds
Number of updated asset objects reloaded before import = 0
Number of asset objects unloaded after import = 8
========================================================================
Received Import Request.
  Time since last request: 0.000026 seconds.
  path: Assets/Fake Interiors FREE/Assets/Texture/Skybox Midday.exr
  artifactKey: Guid(69b356cc7efde7c4b9961b46e64d12c6) Importer(2089858483,0ecaa5967403d082aa24f35e1b516d23)
Start importing Assets/Fake Interiors FREE/Assets/Texture/Skybox Midday.exr using Guid(69b356cc7efde7c4b9961b46e64d12c6) Importer(2089858483,0ecaa5967403d082aa24f35e1b516d23)  -> (artifact id: 'ec1c218eebf4f655c50c8461f887ef79') in 0.111907 seconds
Number of updated asset objects reloaded before import = 0
Number of asset objects unloaded after import = 1
========================================================================
Received Import Request.
  Time since last request: 0.000180 seconds.
  path: Assets/Wand and Circles/Polygon City Free Pack - Environment and Interior/Fbx/Polygon City Free Pack - Environment and Interior.fbx
  artifactKey: Guid(7c481f901e6fd6544a2901233ce8f8b2) Importer(2089858483,0ecaa5967403d082aa24f35e1b516d23)
Start importing Assets/Wand and Circles/Polygon City Free Pack - Environment and Interior/Fbx/Polygon City Free Pack - Environment and Interior.fbx using Guid(7c481f901e6fd6544a2901233ce8f8b2) Importer(2089858483,0ecaa5967403d082aa24f35e1b516d23)  -> (artifact id: '4a1a6edf9d4e9ffbe45f7b6288768f92') in 0.380186 seconds
Number of updated asset objects reloaded before import = 0
Number of asset objects unloaded after import = 1264
========================================================================
Received Import Request.
  Time since last request: 0.000043 seconds.
  path: Assets/Wand and Circles/Polygon City Free Pack - Environment and Interior/Prefabs/Grass/Grass_15.prefab
  artifactKey: Guid(43c2b40910fdc7347a9b24eaa8cf4a2e) Importer(2089858483,0ecaa5967403d082aa24f35e1b516d23)
Start importing Assets/Wand and Circles/Polygon City Free Pack - Environment and Interior/Prefabs/Grass/Grass_15.prefab using Guid(43c2b40910fdc7347a9b24eaa8cf4a2e) Importer(2089858483,0ecaa5967403d082aa24f35e1b516d23)  -> (artifact id: 'd17ffa52211c9ab79bc16a08b5db7490') in 0.040816 seconds
Number of updated asset objects reloaded before import = 0
Number of asset objects unloaded after import = 8
========================================================================
Received Import Request.
  Time since last request: 0.000034 seconds.
  path: Assets/Wand and Circles/Polygon City Free Pack - Environment and Interior/Prefabs/Grass/Grass.prefab
  artifactKey: Guid(8aca8d6c10c99fa4ab1bce2dcea74ca7) Importer(2089858483,0ecaa5967403d082aa24f35e1b516d23)
Start importing Assets/Wand and Circles/Polygon City Free Pack - Environment and Interior/Prefabs/Grass/Grass.prefab using Guid(8aca8d6c10c99fa4ab1bce2dcea74ca7) Importer(2089858483,0ecaa5967403d082aa24f35e1b516d23)  -> (artifact id: '94a05a2c9649d115874bcaaf1158c0a8') in 0.036063 seconds
Number of updated asset objects reloaded before import = 0
Number of asset objects unloaded after import = 8
========================================================================
Received Import Request.
  Time since last request: 0.000022 seconds.
  path: Assets/Wand and Circles/Polygon City Free Pack - Environment and Interior/Prefabs/Grass/Grass_8.prefab
  artifactKey: Guid(80b515f23ae6a6544bca47008edf25b8) Importer(2089858483,0ecaa5967403d082aa24f35e1b516d23)
Start importing Assets/Wand and Circles/Polygon City Free Pack - Environment and Interior/Prefabs/Grass/Grass_8.prefab using Guid(80b515f23ae6a6544bca47008edf25b8) Importer(2089858483,0ecaa5967403d082aa24f35e1b516d23)  -> (artifact id: '005fddf56ed7f20b95c2041d4115f197') in 0.035017 seconds
Number of updated asset objects reloaded before import = 0
Number of asset objects unloaded after import = 8
========================================================================
Received Import Request.
  Time since last request: 0.000021 seconds.
  path: Assets/Wand and Circles/Polygon City Free Pack - Environment and Interior/Prefabs/Grass/Grass_18.prefab
  artifactKey: Guid(4fe7feb7f1e5c214da1654bd07e57807) Importer(2089858483,0ecaa5967403d082aa24f35e1b516d23)
Start importing Assets/Wand and Circles/Polygon City Free Pack - Environment and Interior/Prefabs/Grass/Grass_18.prefab using Guid(4fe7feb7f1e5c214da1654bd07e57807) Importer(2089858483,0ecaa5967403d082aa24f35e1b516d23)  -> (artifact id: 'e0426a5ea41f50833f6b8dc5fad6b5f2') in 0.041110 seconds
Number of updated asset objects reloaded before import = 0
Number of asset objects unloaded after import = 8
========================================================================
Received Import Request.
  Time since last request: 0.000039 seconds.
  path: Assets/Wand and Circles/Polygon City Free Pack - Environment and Interior/Prefabs/Props/Awning.prefab
  artifactKey: Guid(420fe52ab6f4a194094884806f3777fa) Importer(2089858483,0ecaa5967403d082aa24f35e1b516d23)
Start importing Assets/Wand and Circles/Polygon City Free Pack - Environment and Interior/Prefabs/Props/Awning.prefab using Guid(420fe52ab6f4a194094884806f3777fa) Importer(2089858483,0ecaa5967403d082aa24f35e1b516d23)  -> (artifact id: '0f7a8cb3b87c32d7fe66de26e2b49b2a') in 0.036227 seconds
Number of updated asset objects reloaded before import = 0
Number of asset objects unloaded after import = 8
========================================================================
Received Import Request.
  Time since last request: 0.000022 seconds.
  path: Assets/Fake Interiors FREE/Assets/Texture/SimpleRoom/Ceiling_1.png
  artifactKey: Guid(a537a7ab8a156084b9f97d2747ed63b5) Importer(2089858483,0ecaa5967403d082aa24f35e1b516d23)
Start importing Assets/Fake Interiors FREE/Assets/Texture/SimpleRoom/Ceiling_1.png using Guid(a537a7ab8a156084b9f97d2747ed63b5) Importer(2089858483,0ecaa5967403d082aa24f35e1b516d23)  -> (artifact id: '803971a00fa49fa517de270f9001c7b0') in 0.044520 seconds
Number of updated asset objects reloaded before import = 0
Number of asset objects unloaded after import = 1
========================================================================
Received Import Request.
  Time since last request: 0.000020 seconds.
  path: Assets/Wand and Circles/Polygon City Free Pack - Environment and Interior/Prefabs/Desks/Desk_2.prefab
  artifactKey: Guid(b92ecae084215c748bc7120944a860f3) Importer(2089858483,0ecaa5967403d082aa24f35e1b516d23)
Start importing Assets/Wand and Circles/Polygon City Free Pack - Environment and Interior/Prefabs/Desks/Desk_2.prefab using Guid(b92ecae084215c748bc7120944a860f3) Importer(2089858483,0ecaa5967403d082aa24f35e1b516d23)  -> (artifact id: '38ea0f093b274880b9ec174b3e2bcb4a') in 0.036424 seconds
Number of updated asset objects reloaded before import = 0
Number of asset objects unloaded after import = 8
========================================================================
Received Import Request.
  Time since last request: 0.000023 seconds.
  path: Assets/Fake Interiors FREE/Assets/Texture/SimpleRoom/Floor_1.png
  artifactKey: Guid(d278f7f4a857aa443810643642bd99e9) Importer(2089858483,0ecaa5967403d082aa24f35e1b516d23)
Start importing Assets/Fake Interiors FREE/Assets/Texture/SimpleRoom/Floor_1.png using Guid(d278f7f4a857aa443810643642bd99e9) Importer(2089858483,0ecaa5967403d082aa24f35e1b516d23)  -> (artifact id: 'a3445fa9c94854e87c5ef3c32dfe0833') in 0.049913 seconds
Number of updated asset objects reloaded before import = 0
Number of asset objects unloaded after import = 1
========================================================================
Received Import Request.
  Time since last request: 0.000045 seconds.
  path: Assets/Wand and Circles/Polygon City Free Pack - Environment and Interior/Prefabs/Props/Bottle.prefab
  artifactKey: Guid(8575136039de953429462a2d62d64eb4) Importer(2089858483,0ecaa5967403d082aa24f35e1b516d23)
Start importing Assets/Wand and Circles/Polygon City Free Pack - Environment and Interior/Prefabs/Props/Bottle.prefab using Guid(8575136039de953429462a2d62d64eb4) Importer(2089858483,0ecaa5967403d082aa24f35e1b516d23)  -> (artifact id: '3e1c9b53050a93a7eea49702b97e4e70') in 0.044707 seconds
Number of updated asset objects reloaded before import = 0
Number of asset objects unloaded after import = 8
========================================================================
Received Import Request.
  Time since last request: 0.000029 seconds.
  path: Assets/Wand and Circles/Polygon City Free Pack - Environment and Interior/Textures/Gradient.png
  artifactKey: Guid(e2267579982457f4898230b2c6c51f18) Importer(2089858483,0ecaa5967403d082aa24f35e1b516d23)
Start importing Assets/Wand and Circles/Polygon City Free Pack - Environment and Interior/Textures/Gradient.png using Guid(e2267579982457f4898230b2c6c51f18) Importer(2089858483,0ecaa5967403d082aa24f35e1b516d23)  -> (artifact id: '7eca93f56a08148891043669ba614c9f') in 0.046368 seconds
Number of updated asset objects reloaded before import = 0
Number of asset objects unloaded after import = 1
========================================================================
Received Import Request.
  Time since last request: 0.000153 seconds.
  path: Assets/Wand and Circles/Polygon City Free Pack - Environment and Interior/Prefabs/Trees/Tree_10.prefab
  artifactKey: Guid(bfbce5118cbf07a4080589fa3093e346) Importer(2089858483,0ecaa5967403d082aa24f35e1b516d23)
Start importing Assets/Wand and Circles/Polygon City Free Pack - Environment and Interior/Prefabs/Trees/Tree_10.prefab using Guid(bfbce5118cbf07a4080589fa3093e346) Importer(2089858483,0ecaa5967403d082aa24f35e1b516d23)  -> (artifact id: '1c384cdb027769634a64d903093aea71') in 0.054521 seconds
Number of updated asset objects reloaded before import = 0
Number of asset objects unloaded after import = 8
========================================================================
Received Import Request.
  Time since last request: 0.000037 seconds.
  path: Assets/Wand and Circles/Polygon City Free Pack - Environment and Interior/Prefabs/Props/List 3.prefab
  artifactKey: Guid(ced3ba66be2e0d54fafc23d462f82d07) Importer(2089858483,0ecaa5967403d082aa24f35e1b516d23)
Start importing Assets/Wand and Circles/Polygon City Free Pack - Environment and Interior/Prefabs/Props/List 3.prefab using Guid(ced3ba66be2e0d54fafc23d462f82d07) Importer(2089858483,0ecaa5967403d082aa24f35e1b516d23)  -> (artifact id: '2b47ba3ed29b9694850c7e2070784399') in 0.055849 seconds
Number of updated asset objects reloaded before import = 0
Number of asset objects unloaded after import = 8
========================================================================
Received Import Request.
  Time since last request: 0.000053 seconds.
  path: Assets/Wand and Circles/Polygon City Free Pack - Environment and Interior/Prefabs/Props/Post lamp.prefab
  artifactKey: Guid(3f986823c4e971c4e8d4fd2f45c78ee8) Importer(2089858483,0ecaa5967403d082aa24f35e1b516d23)
Start importing Assets/Wand and Circles/Polygon City Free Pack - Environment and Interior/Prefabs/Props/Post lamp.prefab using Guid(3f986823c4e971c4e8d4fd2f45c78ee8) Importer(2089858483,0ecaa5967403d082aa24f35e1b516d23)  -> (artifact id: '24d11204debdc33235c85ce4a06ee544') in 0.073307 seconds
Number of updated asset objects reloaded before import = 0
Number of asset objects unloaded after import = 8
========================================================================
Received Import Request.
  Time since last request: 0.000099 seconds.
  path: Assets/Wand and Circles/Polygon City Free Pack - Environment and Interior/Prefabs/Props/Curtains 2.prefab
  artifactKey: Guid(33784599152868242bc30cb73069fe1d) Importer(2089858483,0ecaa5967403d082aa24f35e1b516d23)
Start importing Assets/Wand and Circles/Polygon City Free Pack - Environment and Interior/Prefabs/Props/Curtains 2.prefab using Guid(33784599152868242bc30cb73069fe1d) Importer(2089858483,0ecaa5967403d082aa24f35e1b516d23)  -> (artifact id: 'e34328322c4d451207121c85c7f9afee') in 0.053134 seconds
Number of updated asset objects reloaded before import = 0
Number of asset objects unloaded after import = 8
========================================================================
Received Import Request.
  Time since last request: 0.000060 seconds.
  path: Assets/Wand and Circles/Polygon City Free Pack - Environment and Interior/Prefabs/Props/Sink.prefab
  artifactKey: Guid(8384570be1cda2f469fe9fb0cfa14dcf) Importer(2089858483,0ecaa5967403d082aa24f35e1b516d23)
Start importing Assets/Wand and Circles/Polygon City Free Pack - Environment and Interior/Prefabs/Props/Sink.prefab using Guid(8384570be1cda2f469fe9fb0cfa14dcf) Importer(2089858483,0ecaa5967403d082aa24f35e1b516d23)  -> (artifact id: 'aac91c7ca9b5f78f581031c0893cc809') in 0.055525 seconds
Number of updated asset objects reloaded before import = 0
Number of asset objects unloaded after import = 8
========================================================================
Received Import Request.
  Time since last request: 0.000035 seconds.
  path: Assets/Wand and Circles/Polygon City Free Pack - Environment and Interior/Prefabs/Props/List.prefab
  artifactKey: Guid(8f4992e6d713061488856f69359b99ad) Importer(2089858483,0ecaa5967403d082aa24f35e1b516d23)
Start importing Assets/Wand and Circles/Polygon City Free Pack - Environment and Interior/Prefabs/Props/List.prefab using Guid(8f4992e6d713061488856f69359b99ad) Importer(2089858483,0ecaa5967403d082aa24f35e1b516d23)  -> (artifact id: '61dc17c9e461c053af012002e1805682') in 0.039511 seconds
Number of updated asset objects reloaded before import = 0
Number of asset objects unloaded after import = 8
========================================================================
Received Import Request.
  Time since last request: 0.000025 seconds.
  path: Assets/Wand and Circles/Polygon City Free Pack - Environment and Interior/Prefabs/Props/Wooden pillar 2.prefab
  artifactKey: Guid(644adee60207e524bbca7fdb31598b14) Importer(2089858483,0ecaa5967403d082aa24f35e1b516d23)
Start importing Assets/Wand and Circles/Polygon City Free Pack - Environment and Interior/Prefabs/Props/Wooden pillar 2.prefab using Guid(644adee60207e524bbca7fdb31598b14) Importer(2089858483,0ecaa5967403d082aa24f35e1b516d23)  -> (artifact id: '3d6bd198ec69764a3d9069ec230230be') in 0.044508 seconds
Number of updated asset objects reloaded before import = 0
Number of asset objects unloaded after import = 8
========================================================================
Received Import Request.
  Time since last request: 0.000082 seconds.
  path: Assets/Wand and Circles/Polygon City Free Pack - Environment and Interior/Prefabs/Props/Wooden pillar 1.prefab
  artifactKey: Guid(703867816858af04cad41372e6d1490d) Importer(2089858483,0ecaa5967403d082aa24f35e1b516d23)
Start importing Assets/Wand and Circles/Polygon City Free Pack - Environment and Interior/Prefabs/Props/Wooden pillar 1.prefab using Guid(703867816858af04cad41372e6d1490d) Importer(2089858483,0ecaa5967403d082aa24f35e1b516d23)  -> (artifact id: 'a8ffa45236a3df84b3086179cba2fd94') in 0.036764 seconds
Number of updated asset objects reloaded before import = 0
Number of asset objects unloaded after import = 8
========================================================================
Received Import Request.
  Time since last request: 0.000039 seconds.
  path: Assets/Wand and Circles/Polygon City Free Pack - Environment and Interior/Prefabs/Props/Curtains 1.prefab
  artifactKey: Guid(f2a6796b117e92a42aa70e7d447728f9) Importer(2089858483,0ecaa5967403d082aa24f35e1b516d23)
Start importing Assets/Wand and Circles/Polygon City Free Pack - Environment and Interior/Prefabs/Props/Curtains 1.prefab using Guid(f2a6796b117e92a42aa70e7d447728f9) Importer(2089858483,0ecaa5967403d082aa24f35e1b516d23)  -> (artifact id: '16008cc312ffe41c30caea238fe557e6') in 0.038555 seconds
Number of updated asset objects reloaded before import = 0
Number of asset objects unloaded after import = 8
========================================================================
Received Import Request.
  Time since last request: 0.000026 seconds.
  path: Assets/Wand and Circles/Polygon City Free Pack - Environment and Interior/Prefabs/Trees/Tree_13.prefab
  artifactKey: Guid(2c35a7d7245e9b6418c2cb730ff1c39a) Importer(2089858483,0ecaa5967403d082aa24f35e1b516d23)
Start importing Assets/Wand and Circles/Polygon City Free Pack - Environment and Interior/Prefabs/Trees/Tree_13.prefab using Guid(2c35a7d7245e9b6418c2cb730ff1c39a) Importer(2089858483,0ecaa5967403d082aa24f35e1b516d23)  -> (artifact id: '68e799b1b78a721e3723b83c8b064a53') in 0.035651 seconds
Number of updated asset objects reloaded before import = 0
Number of asset objects unloaded after import = 8
========================================================================
Received Import Request.
  Time since last request: 0.000022 seconds.
  path: Assets/Wand and Circles/Polygon City Free Pack - Environment and Interior/Prefabs/Trees/Tree_3.prefab
  artifactKey: Guid(e53b4d838059af64c96aa8b5a0b4fbd1) Importer(2089858483,0ecaa5967403d082aa24f35e1b516d23)
Start importing Assets/Wand and Circles/Polygon City Free Pack - Environment and Interior/Prefabs/Trees/Tree_3.prefab using Guid(e53b4d838059af64c96aa8b5a0b4fbd1) Importer(2089858483,0ecaa5967403d082aa24f35e1b516d23)  -> (artifact id: '8fb9924c106d68d6105574a7e7d1970c') in 0.038073 seconds
Number of updated asset objects reloaded before import = 0
Number of asset objects unloaded after import = 8
========================================================================
Received Import Request.
  Time since last request: 0.000031 seconds.
  path: Assets/Wand and Circles/Polygon City Free Pack - Environment and Interior/Prefabs/Trees/Tree_25.prefab
  artifactKey: Guid(b0c9bb9bdb70f6d49abb28a0ea254548) Importer(2089858483,0ecaa5967403d082aa24f35e1b516d23)
Start importing Assets/Wand and Circles/Polygon City Free Pack - Environment and Interior/Prefabs/Trees/Tree_25.prefab using Guid(b0c9bb9bdb70f6d49abb28a0ea254548) Importer(2089858483,0ecaa5967403d082aa24f35e1b516d23)  -> (artifact id: '70cc64cf1fe1ff03b3e20d6c7441dd7d') in 0.048542 seconds
Number of updated asset objects reloaded before import = 0
Number of asset objects unloaded after import = 8
========================================================================
Received Import Request.
  Time since last request: 0.000036 seconds.
  path: Assets/Wand and Circles/Polygon City Free Pack - Environment and Interior/Prefabs/Buildings/Garage/Roof 1.prefab
  artifactKey: Guid(923d87e839b8e7841b056b99fb8eb1e9) Importer(2089858483,0ecaa5967403d082aa24f35e1b516d23)
Start importing Assets/Wand and Circles/Polygon City Free Pack - Environment and Interior/Prefabs/Buildings/Garage/Roof 1.prefab using Guid(923d87e839b8e7841b056b99fb8eb1e9) Importer(2089858483,0ecaa5967403d082aa24f35e1b516d23)  -> (artifact id: '8c7916b3e777dcf451f47b94262d4b4c') in 0.043511 seconds
Number of updated asset objects reloaded before import = 0
Number of asset objects unloaded after import = 8
========================================================================
Received Import Request.
  Time since last request: 0.000036 seconds.
  path: Assets/Wand and Circles/Polygon City Free Pack - Environment and Interior/Prefabs/Trees/Tree_8.prefab
  artifactKey: Guid(21c9b1ab961ddd34989d733abf038cd9) Importer(2089858483,0ecaa5967403d082aa24f35e1b516d23)
Start importing Assets/Wand and Circles/Polygon City Free Pack - Environment and Interior/Prefabs/Trees/Tree_8.prefab using Guid(21c9b1ab961ddd34989d733abf038cd9) Importer(2089858483,0ecaa5967403d082aa24f35e1b516d23)  -> (artifact id: '46f408b2ecd1c295cee68b5b30d1d1c6') in 0.045624 seconds
Number of updated asset objects reloaded before import = 0
Number of asset objects unloaded after import = 8
========================================================================
Received Import Request.
  Time since last request: 0.000057 seconds.
  path: Assets/Wand and Circles/Polygon City Free Pack - Environment and Interior/Prefabs/Trees/Tree_26.prefab
  artifactKey: Guid(720c1bb08de9cd049a23fc71b46211e7) Importer(2089858483,0ecaa5967403d082aa24f35e1b516d23)
Start importing Assets/Wand and Circles/Polygon City Free Pack - Environment and Interior/Prefabs/Trees/Tree_26.prefab using Guid(720c1bb08de9cd049a23fc71b46211e7) Importer(2089858483,0ecaa5967403d082aa24f35e1b516d23)  -> (artifact id: '631d8ed7bed27e0f79b0107d8cc1be0b') in 0.045975 seconds
Number of updated asset objects reloaded before import = 0
Number of asset objects unloaded after import = 8
========================================================================
Received Import Request.
  Time since last request: 0.000036 seconds.
  path: Assets/Wand and Circles/Polygon City Free Pack - Environment and Interior/Prefabs/Buildings/Little angar/Roof.prefab
  artifactKey: Guid(e9e2da1cc190ffd4fac6a58ea4c21495) Importer(2089858483,0ecaa5967403d082aa24f35e1b516d23)
Start importing Assets/Wand and Circles/Polygon City Free Pack - Environment and Interior/Prefabs/Buildings/Little angar/Roof.prefab using Guid(e9e2da1cc190ffd4fac6a58ea4c21495) Importer(2089858483,0ecaa5967403d082aa24f35e1b516d23)  -> (artifact id: 'a242440a59508f9619f6da65d7b74371') in 0.050137 seconds
Number of updated asset objects reloaded before import = 0
Number of asset objects unloaded after import = 8
========================================================================
Received Import Request.
  Time since last request: 0.000046 seconds.
  path: Assets/Wand and Circles/Polygon City Free Pack - Environment and Interior/Prefabs/Trees/Tree_35.prefab
  artifactKey: Guid(7e975e51b19bd0e4aba434b404243d30) Importer(2089858483,0ecaa5967403d082aa24f35e1b516d23)
Start importing Assets/Wand and Circles/Polygon City Free Pack - Environment and Interior/Prefabs/Trees/Tree_35.prefab using Guid(7e975e51b19bd0e4aba434b404243d30) Importer(2089858483,0ecaa5967403d082aa24f35e1b516d23)  -> (artifact id: '10a73aaab739a0668c50d99fd16ab5e2') in 0.061223 seconds
Number of updated asset objects reloaded before import = 0
Number of asset objects unloaded after import = 8
========================================================================
Received Import Request.
  Time since last request: 0.000045 seconds.
  path: Assets/Wand and Circles/Polygon City Free Pack - Environment and Interior/Prefabs/Trees/Tree_21.prefab
  artifactKey: Guid(a243b9e001f8cac498844200c37de164) Importer(2089858483,0ecaa5967403d082aa24f35e1b516d23)
Start importing Assets/Wand and Circles/Polygon City Free Pack - Environment and Interior/Prefabs/Trees/Tree_21.prefab using Guid(a243b9e001f8cac498844200c37de164) Importer(2089858483,0ecaa5967403d082aa24f35e1b516d23)  -> (artifact id: 'c01f25179f052b18a07ac419b5f84e0e') in 0.062688 seconds
Number of updated asset objects reloaded before import = 0
Number of asset objects unloaded after import = 8
========================================================================
Received Import Request.
  Time since last request: 0.000054 seconds.
  path: Assets/Wand and Circles/Polygon City Free Pack - Environment and Interior/Prefabs/Buildings/Big Garage/Walls.prefab
  artifactKey: Guid(a63b95fef9c8a944ebd2f967dc9afb58) Importer(2089858483,0ecaa5967403d082aa24f35e1b516d23)
Start importing Assets/Wand and Circles/Polygon City Free Pack - Environment and Interior/Prefabs/Buildings/Big Garage/Walls.prefab using Guid(a63b95fef9c8a944ebd2f967dc9afb58) Importer(2089858483,0ecaa5967403d082aa24f35e1b516d23)  -> (artifact id: '3bf4e3ec7b8e0399be3b0f0fc54c044e') in 0.049994 seconds
Number of updated asset objects reloaded before import = 0
Number of asset objects unloaded after import = 8
========================================================================
Received Import Request.
  Time since last request: 0.000090 seconds.
  path: Assets/Wand and Circles/Polygon City Free Pack - Environment and Interior/Prefabs/Stones/Big Stones/Big stone.prefab
  artifactKey: Guid(001f45d171dd9a3489fcc609fbe7856e) Importer(2089858483,0ecaa5967403d082aa24f35e1b516d23)
Start importing Assets/Wand and Circles/Polygon City Free Pack - Environment and Interior/Prefabs/Stones/Big Stones/Big stone.prefab using Guid(001f45d171dd9a3489fcc609fbe7856e) Importer(2089858483,0ecaa5967403d082aa24f35e1b516d23)  -> (artifact id: '955d0380aca48737deaa5e5cd0b61ce8') in 0.050960 seconds
Number of updated asset objects reloaded before import = 0
Number of asset objects unloaded after import = 8
========================================================================
Received Import Request.
  Time since last request: 0.000042 seconds.
  path: Assets/Wand and Circles/Polygon City Free Pack - Environment and Interior/Prefabs/Buildings/Modular/Roof prop.prefab
  artifactKey: Guid(11d95fcd76c7b5f4c992906ff3110001) Importer(2089858483,0ecaa5967403d082aa24f35e1b516d23)
Start importing Assets/Wand and Circles/Polygon City Free Pack - Environment and Interior/Prefabs/Buildings/Modular/Roof prop.prefab using Guid(11d95fcd76c7b5f4c992906ff3110001) Importer(2089858483,0ecaa5967403d082aa24f35e1b516d23)  -> (artifact id: 'e352506aaeb8c27eda683fecb4c89b48') in 0.055021 seconds
Number of updated asset objects reloaded before import = 0
Number of asset objects unloaded after import = 8
========================================================================
Received Import Request.
  Time since last request: 0.000031 seconds.
  path: Assets/Wand and Circles/Polygon City Free Pack - Environment and Interior/Prefabs/Fences/6/Fence_2.prefab
  artifactKey: Guid(d5b4fc1171a59594792771a5bdbe43ae) Importer(2089858483,0ecaa5967403d082aa24f35e1b516d23)
Start importing Assets/Wand and Circles/Polygon City Free Pack - Environment and Interior/Prefabs/Fences/6/Fence_2.prefab using Guid(d5b4fc1171a59594792771a5bdbe43ae) Importer(2089858483,0ecaa5967403d082aa24f35e1b516d23)  -> (artifact id: '0963c81f2b91b43b4503ad642d42a90f') in 0.039223 seconds
Number of updated asset objects reloaded before import = 0
Number of asset objects unloaded after import = 8
========================================================================
Received Import Request.
  Time since last request: 0.000020 seconds.
  path: Assets/Wand and Circles/Polygon City Free Pack - Environment and Interior/Prefabs/Fences/6/Fence_3.prefab
  artifactKey: Guid(4e84b50e3d50fed4ebf8f73e3164baa5) Importer(2089858483,0ecaa5967403d082aa24f35e1b516d23)
Start importing Assets/Wand and Circles/Polygon City Free Pack - Environment and Interior/Prefabs/Fences/6/Fence_3.prefab using Guid(4e84b50e3d50fed4ebf8f73e3164baa5) Importer(2089858483,0ecaa5967403d082aa24f35e1b516d23)  -> (artifact id: 'f9ee40957ffa61145140115ee64446a9') in 0.037357 seconds
Number of updated asset objects reloaded before import = 0
Number of asset objects unloaded after import = 8
========================================================================
Received Import Request.
  Time since last request: 0.000023 seconds.
  path: Assets/Wand and Circles/Polygon City Free Pack - Environment and Interior/Prefabs/Fences/4/Fence_0.prefab
  artifactKey: Guid(235717fc8d388ac4d943e4cc4e657c93) Importer(2089858483,0ecaa5967403d082aa24f35e1b516d23)
Start importing Assets/Wand and Circles/Polygon City Free Pack - Environment and Interior/Prefabs/Fences/4/Fence_0.prefab using Guid(235717fc8d388ac4d943e4cc4e657c93) Importer(2089858483,0ecaa5967403d082aa24f35e1b516d23)  -> (artifact id: '92f17760ac238c34f5ab78e1247f3836') in 0.051832 seconds
Number of updated asset objects reloaded before import = 0
Number of asset objects unloaded after import = 8
========================================================================
Received Import Request.
  Time since last request: 0.000024 seconds.
  path: Assets/Wand and Circles/Polygon City Free Pack - Environment and Interior/Prefabs/Buildings/Sheds/Shed.prefab
  artifactKey: Guid(9c9a9dc4d9bda7c42ad799b19458ac7e) Importer(2089858483,0ecaa5967403d082aa24f35e1b516d23)
Start importing Assets/Wand and Circles/Polygon City Free Pack - Environment and Interior/Prefabs/Buildings/Sheds/Shed.prefab using Guid(9c9a9dc4d9bda7c42ad799b19458ac7e) Importer(2089858483,0ecaa5967403d082aa24f35e1b516d23)  -> (artifact id: '5ffae5019f568d00593daef2fc496900') in 0.039404 seconds
Number of updated asset objects reloaded before import = 0
Number of asset objects unloaded after import = 8
========================================================================
Received Import Request.
  Time since last request: 0.000036 seconds.
  path: Assets/Wand and Circles/Polygon City Free Pack - Environment and Interior/Prefabs/Fences/5/Fence_0.prefab
  artifactKey: Guid(1b51bacae718606488065ea5aec144ec) Importer(2089858483,0ecaa5967403d082aa24f35e1b516d23)
Start importing Assets/Wand and Circles/Polygon City Free Pack - Environment and Interior/Prefabs/Fences/5/Fence_0.prefab using Guid(1b51bacae718606488065ea5aec144ec) Importer(2089858483,0ecaa5967403d082aa24f35e1b516d23)  -> (artifact id: '1a3889ad14904c4f7e5c9cb793da10bd') in 0.051378 seconds
Number of updated asset objects reloaded before import = 0
Number of asset objects unloaded after import = 8
========================================================================
Received Import Request.
  Time since last request: 0.000037 seconds.
  path: Assets/Wand and Circles/Polygon City Free Pack - Environment and Interior/Prefabs/Stones/Big Stones/Big stone_4.prefab
  artifactKey: Guid(21166f7b1dcc13b4ba7e0f0c79c705eb) Importer(2089858483,0ecaa5967403d082aa24f35e1b516d23)
Start importing Assets/Wand and Circles/Polygon City Free Pack - Environment and Interior/Prefabs/Stones/Big Stones/Big stone_4.prefab using Guid(21166f7b1dcc13b4ba7e0f0c79c705eb) Importer(2089858483,0ecaa5967403d082aa24f35e1b516d23)  -> (artifact id: 'da5a5f199147ff90633c6c0b7753f2c3') in 0.044074 seconds
Number of updated asset objects reloaded before import = 0
Number of asset objects unloaded after import = 8
========================================================================
Received Import Request.
  Time since last request: 0.000025 seconds.
  path: Assets/Wand and Circles/Polygon City Free Pack - Environment and Interior/Prefabs/Fences/6/Fence_0.prefab
  artifactKey: Guid(1b6c0646be8a0ba4e8df2bd6f109eae8) Importer(2089858483,0ecaa5967403d082aa24f35e1b516d23)
Start importing Assets/Wand and Circles/Polygon City Free Pack - Environment and Interior/Prefabs/Fences/6/Fence_0.prefab using Guid(1b6c0646be8a0ba4e8df2bd6f109eae8) Importer(2089858483,0ecaa5967403d082aa24f35e1b516d23)  -> (artifact id: '7e96f4e10d29b4c6bb9b68ffdbd0f097') in 0.045258 seconds
Number of updated asset objects reloaded before import = 0
Number of asset objects unloaded after import = 8
========================================================================
Received Import Request.
  Time since last request: 0.000034 seconds.
  path: Assets/Wand and Circles/Polygon City Free Pack - Environment and Interior/Prefabs/Fences/6/Fence_1.prefab
  artifactKey: Guid(0b8b5e6cb5750d54fb94a76440aedcc2) Importer(2089858483,0ecaa5967403d082aa24f35e1b516d23)
Start importing Assets/Wand and Circles/Polygon City Free Pack - Environment and Interior/Prefabs/Fences/6/Fence_1.prefab using Guid(0b8b5e6cb5750d54fb94a76440aedcc2) Importer(2089858483,0ecaa5967403d082aa24f35e1b516d23)  -> (artifact id: 'b6e72417e58163b801153339a0b7d1f7') in 0.053393 seconds
Number of updated asset objects reloaded before import = 0
Number of asset objects unloaded after import = 8
========================================================================
Received Import Request.
  Time since last request: 0.000033 seconds.
  path: Assets/Wand and Circles/Polygon City Free Pack - Environment and Interior/Prefabs/Stones/Little Stones/Little Stone_1.prefab
  artifactKey: Guid(21405a586a9a2eb48a0ac87136a543fe) Importer(2089858483,0ecaa5967403d082aa24f35e1b516d23)
Start importing Assets/Wand and Circles/Polygon City Free Pack - Environment and Interior/Prefabs/Stones/Little Stones/Little Stone_1.prefab using Guid(21405a586a9a2eb48a0ac87136a543fe) Importer(2089858483,0ecaa5967403d082aa24f35e1b516d23)  -> (artifact id: '707d4cc082b133277c20e8bf01854b99') in 0.045432 seconds
Number of updated asset objects reloaded before import = 0
Number of asset objects unloaded after import = 8
========================================================================
Received Import Request.
  Time since last request: 0.000084 seconds.
  path: Assets/Wand and Circles/Polygon City Free Pack - Environment and Interior/Prefabs/Stones/Little Stones/Little Stone_2.prefab
  artifactKey: Guid(62c408e5e0c457c40a67970ef12af9d7) Importer(2089858483,0ecaa5967403d082aa24f35e1b516d23)
Start importing Assets/Wand and Circles/Polygon City Free Pack - Environment and Interior/Prefabs/Stones/Little Stones/Little Stone_2.prefab using Guid(62c408e5e0c457c40a67970ef12af9d7) Importer(2089858483,0ecaa5967403d082aa24f35e1b516d23)  -> (artifact id: 'a95065038c5e460dc588c54a09db6c64') in 0.054142 seconds
Number of updated asset objects reloaded before import = 0
Number of asset objects unloaded after import = 8
========================================================================
Received Import Request.
  Time since last request: 0.000024 seconds.
  path: Assets/Wand and Circles/Polygon City Free Pack - Environment and Interior/Prefabs/Stones/Little Stones/Little Stone_6.prefab
  artifactKey: Guid(60b52e7ce30261149bd54f899ae72260) Importer(2089858483,0ecaa5967403d082aa24f35e1b516d23)
Start importing Assets/Wand and Circles/Polygon City Free Pack - Environment and Interior/Prefabs/Stones/Little Stones/Little Stone_6.prefab using Guid(60b52e7ce30261149bd54f899ae72260) Importer(2089858483,0ecaa5967403d082aa24f35e1b516d23)  -> (artifact id: 'a0c461c4469873de3af153db51c0c1d6') in 0.041468 seconds
Number of updated asset objects reloaded before import = 0
Number of asset objects unloaded after import = 8
========================================================================
Received Import Request.
  Time since last request: 0.000064 seconds.
  path: Assets/Fake Interiors FREE/Assets/Prefabs/URP/Ground.prefab
  artifactKey: Guid(e648ff3b5daff1843b9bf2001ca9b4be) Importer(2089858483,0ecaa5967403d082aa24f35e1b516d23)
Start importing Assets/Fake Interiors FREE/Assets/Prefabs/URP/Ground.prefab using Guid(e648ff3b5daff1843b9bf2001ca9b4be) Importer(2089858483,0ecaa5967403d082aa24f35e1b516d23)  -> (artifact id: '5ddc09e45e8591afde40770e37af081f') in 0.039765 seconds
Number of updated asset objects reloaded before import = 0
Number of asset objects unloaded after import = 14
========================================================================
Received Import Request.
  Time since last request: 0.000027 seconds.
  path: Assets/Wand and Circles/Polygon City Free Pack - Environment and Interior/Materials/TMGS.mat
  artifactKey: Guid(6bbbf074a3ea7f34d9fac7ce64ebd4da) Importer(2089858483,0ecaa5967403d082aa24f35e1b516d23)
Start importing Assets/Wand and Circles/Polygon City Free Pack - Environment and Interior/Materials/TMGS.mat using Guid(6bbbf074a3ea7f34d9fac7ce64ebd4da) Importer(2089858483,0ecaa5967403d082aa24f35e1b516d23)  -> (artifact id: 'dc37a2586837d516e044afd94911f839') in 0.053839 seconds
Number of updated asset objects reloaded before import = 0
Number of asset objects unloaded after import = 2
========================================================================
Received Import Request.
  Time since last request: 0.000059 seconds.
  path: Assets/Wand and Circles/Polygon City Free Pack - Environment and Interior/Prefabs/Props/Barrel 1.prefab
  artifactKey: Guid(fff4e5e4aefa66e4b9dfcbe9839a687e) Importer(2089858483,0ecaa5967403d082aa24f35e1b516d23)
Start importing Assets/Wand and Circles/Polygon City Free Pack - Environment and Interior/Prefabs/Props/Barrel 1.prefab using Guid(fff4e5e4aefa66e4b9dfcbe9839a687e) Importer(2089858483,0ecaa5967403d082aa24f35e1b516d23)  -> (artifact id: '85868418075fd6a258a5885c65f3fc8c') in 0.046925 seconds
Number of updated asset objects reloaded before import = 0
Number of asset objects unloaded after import = 8
========================================================================
Received Import Request.
  Time since last request: 0.000040 seconds.
  path: Assets/Wand and Circles/Polygon City Free Pack - Environment and Interior/DEMOSettings.lighting
  artifactKey: Guid(4d2d40d79c0959440b18aa90683a8dd8) Importer(2089858483,0ecaa5967403d082aa24f35e1b516d23)
Start importing Assets/Wand and Circles/Polygon City Free Pack - Environment and Interior/DEMOSettings.lighting using Guid(4d2d40d79c0959440b18aa90683a8dd8) Importer(2089858483,0ecaa5967403d082aa24f35e1b516d23) LightingSettings: switching bake backend from 1 to 0.
 -> (artifact id: '7fecb1185707f4c7f871ce457940c3db') in 0.074228 seconds
Number of updated asset objects reloaded before import = 0
Number of asset objects unloaded after import = 1
========================================================================
Received Import Request.
  Time since last request: 0.000047 seconds.
  path: Assets/PreviewObject.cs
  artifactKey: Guid(80d8488efd6a4b645a86776cdbf61bbd) Importer(2089858483,0ecaa5967403d082aa24f35e1b516d23)
Start importing Assets/PreviewObject.cs using Guid(80d8488efd6a4b645a86776cdbf61bbd) Importer(2089858483,0ecaa5967403d082aa24f35e1b516d23)  -> (artifact id: 'ea6db404d72ab40b4436c21ad1af3ff9') in 0.027123 seconds
Number of updated asset objects reloaded before import = 0
Number of asset objects unloaded after import = 1
========================================================================
Received Import Request.
  Time since last request: 0.000115 seconds.
  path: Assets/Fake Interiors FREE/Assets/Texture/Concrete_R.png
  artifactKey: Guid(9efde281806c64a4bad6d6e3ecddda8b) Importer(2089858483,0ecaa5967403d082aa24f35e1b516d23)
Start importing Assets/Fake Interiors FREE/Assets/Texture/Concrete_R.png using Guid(9efde281806c64a4bad6d6e3ecddda8b) Importer(2089858483,0ecaa5967403d082aa24f35e1b516d23)  -> (artifact id: '3f51bc0f8fd640862da613d762d5745b') in 0.043735 seconds
Number of updated asset objects reloaded before import = 0
Number of asset objects unloaded after import = 1
========================================================================
Received Import Request.
  Time since last request: 0.000128 seconds.
  path: Assets/Fake Interiors FREE/Samples URP 12x.unitypackage
  artifactKey: Guid(cc167df99a923f04995721b95cdc04f9) Importer(2089858483,0ecaa5967403d082aa24f35e1b516d23)
Start importing Assets/Fake Interiors FREE/Samples URP 12x.unitypackage using Guid(cc167df99a923f04995721b95cdc04f9) Importer(2089858483,0ecaa5967403d082aa24f35e1b516d23)  -> (artifact id: 'a5f1f94a8cf5ffb8c9b943f76f5f0d6b') in 0.019418 seconds
Number of updated asset objects reloaded before import = 0
Number of asset objects unloaded after import = 1
========================================================================
Received Import Request.
  Time since last request: 0.000064 seconds.
  path: Assets/Fake Interiors FREE/Assets/Prefabs/BIRP/Sample Cube Divided Brick.prefab
  artifactKey: Guid(12f3fae5b14f94247984c820b1687b03) Importer(2089858483,0ecaa5967403d082aa24f35e1b516d23)
Start importing Assets/Fake Interiors FREE/Assets/Prefabs/BIRP/Sample Cube Divided Brick.prefab using Guid(12f3fae5b14f94247984c820b1687b03) Importer(2089858483,0ecaa5967403d082aa24f35e1b516d23)  -> (artifact id: 'cc2a8e96cb25a09abe27a3cd7395a521') in 0.043753 seconds
Number of updated asset objects reloaded before import = 0
Number of asset objects unloaded after import = 7
Editor requested this worker to shutdown with reason: Scaling down because of idle timeout
TcpMessagingSession - receive error: operation aborted. errorcode: 995, details: The I/O operation has been aborted because of either a thread exit or an application request.
AssetImportWorker is now disconnected from the server
Process exiting
Exiting without the bug reporter. Application will terminate with return code 0