Using pre-set license
Built from '2022.3/staging' branch; Version is '2022.3.25f1 (530ae0ba3889) revision 5442272'; Using compiler version '192829333'; Build Type 'Release'
OS: 'Windows 11  (10.0.22631) 64bit Core' Language: 'en' Physical Memory: 32467 MB
BatchMode: 1, IsHumanControllingUs: 0, StartBugReporterOnCrash: 0, Is64bit: 1, IsPro: 1

COMMAND LINE ARGUMENTS:
C:\Program Files\Unity\Hub\Editor\2022.3.25f1\Editor\Unity.exe
-adb2
-batchMode
-noUpm
-name
AssetImportWorker0
-projectPath
C:/Users/megan/Desktop/DICE-Fire-Escape-Simulation/DICE Fire Escape Simulation
-logFile
Logs/AssetImportWorker0.log
-srvPort
53254
Successfully changed project path to: C:/Users/megan/Desktop/DICE-Fire-Escape-Simulation/DICE Fire Escape Simulation
C:/Users/megan/Desktop/DICE-Fire-Escape-Simulation/DICE Fire Escape Simulation
[UnityMemory] Configuration Parameters - Can be set up in boot.config
    "memorysetup-bucket-allocator-granularity=16"
    "memorysetup-bucket-allocator-bucket-count=8"
    "memorysetup-bucket-allocator-block-size=33554432"
    "memorysetup-bucket-allocator-block-count=8"
    "memorysetup-main-allocator-block-size=16777216"
    "memorysetup-thread-allocator-block-size=16777216"
    "memorysetup-gfx-main-allocator-block-size=16777216"
    "memorysetup-gfx-thread-allocator-block-size=16777216"
    "memorysetup-cache-allocator-block-size=4194304"
    "memorysetup-typetree-allocator-block-size=2097152"
    "memorysetup-profiler-bucket-allocator-granularity=16"
    "memorysetup-profiler-bucket-allocator-bucket-count=8"
    "memorysetup-profiler-bucket-allocator-block-size=33554432"
    "memorysetup-profiler-bucket-allocator-block-count=8"
    "memorysetup-profiler-allocator-block-size=16777216"
    "memorysetup-profiler-editor-allocator-block-size=1048576"
    "memorysetup-temp-allocator-size-main=16777216"
    "memorysetup-job-temp-allocator-block-size=2097152"
    "memorysetup-job-temp-allocator-block-size-background=1048576"
    "memorysetup-job-temp-allocator-reduction-small-platforms=262144"
    "memorysetup-allocator-temp-initial-block-size-main=262144"
    "memorysetup-allocator-temp-initial-block-size-worker=262144"
    "memorysetup-temp-allocator-size-background-worker=32768"
    "memorysetup-temp-allocator-size-job-worker=262144"
    "memorysetup-temp-allocator-size-preload-manager=33554432"
    "memorysetup-temp-allocator-size-nav-mesh-worker=65536"
    "memorysetup-temp-allocator-size-audio-worker=65536"
    "memorysetup-temp-allocator-size-cloud-worker=32768"
    "memorysetup-temp-allocator-size-gi-baking-worker=262144"
    "memorysetup-temp-allocator-size-gfx=262144"
Player connection [23780] Host "[IP] 192.168.56.1 [Port] 0 [Flags] 2 [Guid] 1571083088 [EditorId] 1571083088 [Version] 1048832 [Id] WindowsEditor(7,LAPTOP-LHC9UVDE) [Debug] 1 [PackageName] WindowsEditor [ProjectName] Editor" joined multi-casting on [225.0.0.222:54997]...

Player connection [23780] Host "[IP] 192.168.56.1 [Port] 0 [Flags] 2 [Guid] 1571083088 [EditorId] 1571083088 [Version] 1048832 [Id] WindowsEditor(7,LAPTOP-LHC9UVDE) [Debug] 1 [PackageName] WindowsEditor [ProjectName] Editor" joined alternative multi-casting on [225.0.0.222:34997]...

[Physics::Module] Initialized MultithreadedJobDispatcher with 19 workers.
Refreshing native plugins compatible for Editor in 9.30 ms, found 4 plugins.
Preloading 0 native plugins for Editor in 0.00 ms.
Initialize engine version: 2022.3.25f1 (530ae0ba3889)
[Subsystems] Discovering subsystems at path C:/Program Files/Unity/Hub/Editor/2022.3.25f1/Editor/Data/Resources/UnitySubsystems
[Subsystems] Discovering subsystems at path C:/Users/megan/Desktop/DICE-Fire-Escape-Simulation/DICE Fire Escape Simulation/Assets
GfxDevice: creating device client; threaded=0; jobified=0
Direct3D:
    Version:  Direct3D 11.0 [level 11.1]
    Renderer: Intel(R) Iris(R) Xe Graphics (ID=0x46a6)
    Vendor:   Intel
    VRAM:     16233 MB
    Driver:   31.0.101.4502
Initialize mono
Mono path[0] = 'C:/Program Files/Unity/Hub/Editor/2022.3.25f1/Editor/Data/Managed'
Mono path[1] = 'C:/Program Files/Unity/Hub/Editor/2022.3.25f1/Editor/Data/MonoBleedingEdge/lib/mono/unityjit-win32'
Mono config path = 'C:/Program Files/Unity/Hub/Editor/2022.3.25f1/Editor/Data/MonoBleedingEdge/etc'
Using monoOptions --debugger-agent=transport=dt_socket,embedding=1,server=y,suspend=n,address=127.0.0.1:56108
Begin MonoManager ReloadAssembly
Registering precompiled unity dll's ...
Register platform support module: C:/Program Files/Unity/Hub/Editor/2022.3.25f1/Editor/Data/PlaybackEngines/WebGLSupport/UnityEditor.WebGL.Extensions.dll
Register platform support module: C:/Program Files/Unity/Hub/Editor/2022.3.25f1/Editor/Data/PlaybackEngines/WindowsStandaloneSupport/UnityEditor.WindowsStandalone.Extensions.dll
Registered in 0.007662 seconds.
- Loaded All Assemblies, in  0.432 seconds
Native extension for WindowsStandalone target not found
Native extension for WebGL target not found
Mono: successfully reloaded assembly
- Finished resetting the current domain, in  0.338 seconds
Domain Reload Profiling: 770ms
	BeginReloadAssembly (135ms)
		ExecutionOrderSort (0ms)
		DisableScriptedObjects (0ms)
		BackupInstance (0ms)
		ReleaseScriptingObjects (0ms)
		CreateAndSetChildDomain (1ms)
	RebuildCommonClasses (41ms)
	RebuildNativeTypeToScriptingClass (12ms)
	initialDomainReloadingComplete (67ms)
	LoadAllAssembliesAndSetupDomain (177ms)
		LoadAssemblies (133ms)
		RebuildTransferFunctionScriptingTraits (0ms)
		AnalyzeDomain (175ms)
			TypeCache.Refresh (173ms)
				TypeCache.ScanAssembly (159ms)
			ScanForSourceGeneratedMonoScriptInfo (0ms)
			ResolveRequiredComponents (1ms)
	FinalizeReload (339ms)
		ReleaseScriptCaches (0ms)
		RebuildScriptCaches (0ms)
		SetupLoadedEditorAssemblies (268ms)
			LogAssemblyErrors (0ms)
			InitializePlatformSupportModulesInManaged (11ms)
			SetLoadedEditorAssemblies (7ms)
			RefreshPlugins (0ms)
			BeforeProcessingInitializeOnLoad (2ms)
			ProcessInitializeOnLoadAttributes (182ms)
			ProcessInitializeOnLoadMethodAttributes (66ms)
			AfterProcessingInitializeOnLoad (0ms)
			EditorAssembliesLoaded (0ms)
		ExecutionOrderSort2 (0ms)
		AwakeInstancesAfterBackupRestoration (0ms)
========================================================================
Worker process is ready to serve import requests
Begin MonoManager ReloadAssembly
- Loaded All Assemblies, in  0.766 seconds
Refreshing native plugins compatible for Editor in 3.55 ms, found 4 plugins.
Native extension for WindowsStandalone target not found
Native extension for WebGL target not found
Package Manager log level set to [2]
[Package Manager] Server::EnsureServerProcessIsRunning -- launch failed, reason: Unity was launched with the -noUpm command-line argument
[Package Manager] UpmClient::Send -- Unable to send message (not connected to UPM process).
[Package Manager] Cannot connect to Unity Package Manager local server
Mono: successfully reloaded assembly
- Finished resetting the current domain, in  0.961 seconds
Domain Reload Profiling: 1724ms
	BeginReloadAssembly (173ms)
		ExecutionOrderSort (0ms)
		DisableScriptedObjects (6ms)
		BackupInstance (0ms)
		ReleaseScriptingObjects (0ms)
		CreateAndSetChildDomain (22ms)
	RebuildCommonClasses (39ms)
	RebuildNativeTypeToScriptingClass (12ms)
	initialDomainReloadingComplete (51ms)
	LoadAllAssembliesAndSetupDomain (487ms)
		LoadAssemblies (364ms)
		RebuildTransferFunctionScriptingTraits (0ms)
		AnalyzeDomain (229ms)
			TypeCache.Refresh (198ms)
				TypeCache.ScanAssembly (181ms)
			ScanForSourceGeneratedMonoScriptInfo (24ms)
			ResolveRequiredComponents (6ms)
	FinalizeReload (962ms)
		ReleaseScriptCaches (0ms)
		RebuildScriptCaches (0ms)
		SetupLoadedEditorAssemblies (775ms)
			LogAssemblyErrors (0ms)
			InitializePlatformSupportModulesInManaged (8ms)
			SetLoadedEditorAssemblies (4ms)
			RefreshPlugins (0ms)
			BeforeProcessingInitializeOnLoad (79ms)
			ProcessInitializeOnLoadAttributes (654ms)
			ProcessInitializeOnLoadMethodAttributes (24ms)
			AfterProcessingInitializeOnLoad (6ms)
			EditorAssembliesLoaded (0ms)
		ExecutionOrderSort2 (0ms)
		AwakeInstancesAfterBackupRestoration (8ms)
Launched and connected shader compiler UnityShaderCompiler.exe after 0.09 seconds
Refreshing native plugins compatible for Editor in 3.04 ms, found 4 plugins.
Preloading 0 native plugins for Editor in 0.00 ms.
Unloading 3985 Unused Serialized files (Serialized files now loaded: 0)
Unloading 65 unused Assets / (1.5 MB). Loaded Objects now: 4442.
Memory consumption went from 163.6 MB to 162.1 MB.
Total: 6.417100 ms (FindLiveObjects: 0.350400 ms CreateObjectMapping: 0.214700 ms MarkObjects: 5.432300 ms  DeleteObjects: 0.417900 ms)

AssetImportParameters requested are different than current active one (requested -> active):
  custom:container-demuxer-ogg: 62fdf1f143b41e24485cea50d1cbac27 -> 
  custom:video-codec-MediaFoundation-h265: 746d11721c4dcdbdad8f713fa42b33f4 -> 
  custom:video-decoder-ogg-theora: a1e56fd34408186e4bbccfd4996cb3dc -> 
  custom:framework-win-MediaFoundation: 216162199b28c13a410421893ffa2e32 -> 
  custom:CustomObjectIndexerAttribute: 9a22284fe3817be447336de3de66b15e -> 
  custom:container-demuxer-webm: 4f35f7cbe854078d1ac9338744f61a02 -> 
  custom:container-muxer-webm: aa71ff27fc2769a1b78a27578f13a17b -> 
  custom:video-decoder-webm-vp8: 9c59270c3fd7afecdb556c50c9e8de78 -> 
  custom:SearchIndexIgnoredProperties: e643bd26f0fe6173181afceb89e7c659 -> 
  custom:AudioImporter_EditorPlatform: d09bf68614088b80899f8185d706f6e7 -> 
  custom:video-encoder-webm-vp8: eb34c28f22e8b96e1ab97ce403110664 -> 
  custom:audio-decoder-ogg-vorbis: bf7c407c2cedff20999df2af8eb42d56 -> 
  custom:audio-encoder-webm-vorbis: bf7c407c2cedff20999df2af8eb42d56 -> 
========================================================================
Received Import Request.
  Time since last request: 202637.030693 seconds.
  path: Assets/Fake Interiors FREE/Assets/Prefabs/BIRP/Ground.prefab
  artifactKey: Guid(f826e934b6bb9d2478a282f1edb547d5) Importer(2089858483,0ecaa5967403d082aa24f35e1b516d23)
Start importing Assets/Fake Interiors FREE/Assets/Prefabs/BIRP/Ground.prefab using Guid(f826e934b6bb9d2478a282f1edb547d5) Importer(2089858483,0ecaa5967403d082aa24f35e1b516d23)  -> (artifact id: 'f61bc04cca6dbd3cbc3d66dfb724638f') in 0.152926 seconds
Number of updated asset objects reloaded before import = 0
Number of asset objects unloaded after import = 14
========================================================================
Received Import Request.
  Time since last request: 0.000034 seconds.
  path: Assets/Wand and Circles/Polygon City Free Pack - Environment and Interior/Textures/Gradient3.png
  artifactKey: Guid(bfdb84d374441b849841c668167cefc5) Importer(2089858483,0ecaa5967403d082aa24f35e1b516d23)
Start importing Assets/Wand and Circles/Polygon City Free Pack - Environment and Interior/Textures/Gradient3.png using Guid(bfdb84d374441b849841c668167cefc5) Importer(2089858483,0ecaa5967403d082aa24f35e1b516d23)  -> (artifact id: '232f559abc1b436e3a3850594af7bdfb') in 0.082636 seconds
Number of updated asset objects reloaded before import = 0
Number of asset objects unloaded after import = 1
========================================================================
Received Import Request.
  Time since last request: 0.000039 seconds.
  path: Assets/Fake Interiors FREE/Assets/Prefabs/URP/Sample Cube Divided.prefab
  artifactKey: Guid(8ff229289fc742244852d89ebfd8f6c0) Importer(2089858483,0ecaa5967403d082aa24f35e1b516d23)
Start importing Assets/Fake Interiors FREE/Assets/Prefabs/URP/Sample Cube Divided.prefab using Guid(8ff229289fc742244852d89ebfd8f6c0) Importer(2089858483,0ecaa5967403d082aa24f35e1b516d23)  -> (artifact id: 'a30dabc5cefc46b92cfc331d36b338de') in 0.050629 seconds
Number of updated asset objects reloaded before import = 0
Number of asset objects unloaded after import = 7
========================================================================
Received Import Request.
  Time since last request: 0.000038 seconds.
  path: Assets/Fake Interiors FREE/Assets/Prefabs/HDRP/Sample Building.prefab
  artifactKey: Guid(35065dcf1a4fb10408510dd46204717d) Importer(2089858483,0ecaa5967403d082aa24f35e1b516d23)
Start importing Assets/Fake Interiors FREE/Assets/Prefabs/HDRP/Sample Building.prefab using Guid(35065dcf1a4fb10408510dd46204717d) Importer(2089858483,0ecaa5967403d082aa24f35e1b516d23)  -> (artifact id: '170898d4204309b79185441f9655d4c5') in 0.044819 seconds
Number of updated asset objects reloaded before import = 0
Number of asset objects unloaded after import = 7
========================================================================
Received Import Request.
  Time since last request: 0.000025 seconds.
  path: Assets/Fake Interiors FREE/Assets/Prefabs/BIRP/Sample Facade.prefab
  artifactKey: Guid(3270b122a78d53c469f5e55cf4218940) Importer(2089858483,0ecaa5967403d082aa24f35e1b516d23)
Start importing Assets/Fake Interiors FREE/Assets/Prefabs/BIRP/Sample Facade.prefab using Guid(3270b122a78d53c469f5e55cf4218940) Importer(2089858483,0ecaa5967403d082aa24f35e1b516d23)  -> (artifact id: '9ef68dd4ae3271ccc00ced239f867bb7') in 0.050654 seconds
Number of updated asset objects reloaded before import = 0
Number of asset objects unloaded after import = 19
========================================================================
Received Import Request.
  Time since last request: 0.000026 seconds.
  path: Assets/Fake Interiors FREE/Plugins/EditorResources/BannerOffline.png
  artifactKey: Guid(19890ee0a82f7a643b9077407a6da3db) Importer(2089858483,0ecaa5967403d082aa24f35e1b516d23)
Start importing Assets/Fake Interiors FREE/Plugins/EditorResources/BannerOffline.png using Guid(19890ee0a82f7a643b9077407a6da3db) Importer(2089858483,0ecaa5967403d082aa24f35e1b516d23)  -> (artifact id: '473692f0d4216720e96c3f7d92cb2e7b') in 0.051306 seconds
Number of updated asset objects reloaded before import = 0
Number of asset objects unloaded after import = 1
========================================================================
Received Import Request.
  Time since last request: 0.000113 seconds.
  path: Assets/Fake Interiors FREE/Assets/Texture/SimpleBuilding/Concrete_2_N.png
  artifactKey: Guid(72deb9d610d7bcb4fae634da13e9c0f1) Importer(2089858483,0ecaa5967403d082aa24f35e1b516d23)
Start importing Assets/Fake Interiors FREE/Assets/Texture/SimpleBuilding/Concrete_2_N.png using Guid(72deb9d610d7bcb4fae634da13e9c0f1) Importer(2089858483,0ecaa5967403d082aa24f35e1b516d23)  -> (artifact id: '74ed53ad9d1afc4fb1c3dbc6043d3b36') in 0.057824 seconds
Number of updated asset objects reloaded before import = 0
Number of asset objects unloaded after import = 1
========================================================================
Received Import Request.
  Time since last request: 0.000038 seconds.
  path: Assets/Wand and Circles/Polygon City Free Pack - Environment and Interior/Prefabs/Desks/Desk_21.prefab
  artifactKey: Guid(2aa353b1b5b80f54f8cb335f3cf1bd11) Importer(2089858483,0ecaa5967403d082aa24f35e1b516d23)
Start importing Assets/Wand and Circles/Polygon City Free Pack - Environment and Interior/Prefabs/Desks/Desk_21.prefab using Guid(2aa353b1b5b80f54f8cb335f3cf1bd11) Importer(2089858483,0ecaa5967403d082aa24f35e1b516d23)  -> (artifact id: 'cc2e4b4e613a35cb3f18bdfa326657b1') in 0.054720 seconds
Number of updated asset objects reloaded before import = 0
Number of asset objects unloaded after import = 8
========================================================================
Received Import Request.
  Time since last request: 0.000025 seconds.
  path: Assets/Wand and Circles/Polygon City Free Pack - Environment and Interior/Prefabs/Desks/Desk_10.prefab
  artifactKey: Guid(b2aaa603ad0520f4e91b3e44dd6a22e4) Importer(2089858483,0ecaa5967403d082aa24f35e1b516d23)
Start importing Assets/Wand and Circles/Polygon City Free Pack - Environment and Interior/Prefabs/Desks/Desk_10.prefab using Guid(b2aaa603ad0520f4e91b3e44dd6a22e4) Importer(2089858483,0ecaa5967403d082aa24f35e1b516d23)  -> (artifact id: 'b4bb4de3e83d492f8d74b9120c6f9e01') in 0.041557 seconds
Number of updated asset objects reloaded before import = 0
Number of asset objects unloaded after import = 8
========================================================================
Received Import Request.
  Time since last request: 0.000038 seconds.
  path: Assets/Fake Interiors FREE/Assets/Texture/WoodFloor.png
  artifactKey: Guid(6d4c2362b588b0747af877613b166400) Importer(2089858483,0ecaa5967403d082aa24f35e1b516d23)
Start importing Assets/Fake Interiors FREE/Assets/Texture/WoodFloor.png using Guid(6d4c2362b588b0747af877613b166400) Importer(2089858483,0ecaa5967403d082aa24f35e1b516d23)  -> (artifact id: '52afc246e1d0021f5dcbf5cc794303dd') in 0.049520 seconds
Number of updated asset objects reloaded before import = 0
Number of asset objects unloaded after import = 1
========================================================================
Received Import Request.
  Time since last request: 0.000025 seconds.
  path: Assets/Wand and Circles/Polygon City Free Pack - Environment and Interior/Materials/StoneColors/0.mat
  artifactKey: Guid(2fdc95aeb030d7e44926472c300f0c5d) Importer(2089858483,0ecaa5967403d082aa24f35e1b516d23)
Start importing Assets/Wand and Circles/Polygon City Free Pack - Environment and Interior/Materials/StoneColors/0.mat using Guid(2fdc95aeb030d7e44926472c300f0c5d) Importer(2089858483,0ecaa5967403d082aa24f35e1b516d23)  -> (artifact id: '90c09c40692de3dea110543304b5fc83') in 0.054888 seconds
Number of updated asset objects reloaded before import = 0
Number of asset objects unloaded after import = 1
========================================================================
Received Import Request.
  Time since last request: 0.000086 seconds.
  path: Assets/Wand and Circles/Polygon City Free Pack - Environment and Interior/Prefabs/Desks/Desk_12.prefab
  artifactKey: Guid(49e79361770789047821bbca1365dccd) Importer(2089858483,0ecaa5967403d082aa24f35e1b516d23)
Start importing Assets/Wand and Circles/Polygon City Free Pack - Environment and Interior/Prefabs/Desks/Desk_12.prefab using Guid(49e79361770789047821bbca1365dccd) Importer(2089858483,0ecaa5967403d082aa24f35e1b516d23)  -> (artifact id: '2bc30189181280babebbf8a4f1a6d988') in 0.037670 seconds
Number of updated asset objects reloaded before import = 0
Number of asset objects unloaded after import = 8
========================================================================
Received Import Request.
  Time since last request: 0.000021 seconds.
  path: Assets/Fake Interiors FREE/Assets/Texture/BrickRoom/BrickWall_1.png
  artifactKey: Guid(acb89b371f199934f99528ed6cfeabbf) Importer(2089858483,0ecaa5967403d082aa24f35e1b516d23)
Start importing Assets/Fake Interiors FREE/Assets/Texture/BrickRoom/BrickWall_1.png using Guid(acb89b371f199934f99528ed6cfeabbf) Importer(2089858483,0ecaa5967403d082aa24f35e1b516d23)  -> (artifact id: '6c8b613291823c2eec9b8cfd9b0d07b2') in 0.044478 seconds
Number of updated asset objects reloaded before import = 0
Number of asset objects unloaded after import = 1
========================================================================
Received Import Request.
  Time since last request: 0.000142 seconds.
  path: Assets/Wand and Circles/Polygon City Free Pack - Environment and Interior/Prefabs/Desks/Desk_27.prefab
  artifactKey: Guid(eb437304a2d3c9040bc027271179ef7f) Importer(2089858483,0ecaa5967403d082aa24f35e1b516d23)
Start importing Assets/Wand and Circles/Polygon City Free Pack - Environment and Interior/Prefabs/Desks/Desk_27.prefab using Guid(eb437304a2d3c9040bc027271179ef7f) Importer(2089858483,0ecaa5967403d082aa24f35e1b516d23)  -> (artifact id: 'e278674925bc8560b50a4963a9c09a40') in 0.036224 seconds
Number of updated asset objects reloaded before import = 0
Number of asset objects unloaded after import = 8
========================================================================
Received Import Request.
  Time since last request: 0.000019 seconds.
  path: Assets/Wand and Circles/Polygon City Free Pack - Environment and Interior/Prefabs/Desks/Desk_18.prefab
  artifactKey: Guid(b48411ebebfa4f44384b556e71184733) Importer(2089858483,0ecaa5967403d082aa24f35e1b516d23)
Start importing Assets/Wand and Circles/Polygon City Free Pack - Environment and Interior/Prefabs/Desks/Desk_18.prefab using Guid(b48411ebebfa4f44384b556e71184733) Importer(2089858483,0ecaa5967403d082aa24f35e1b516d23)  -> (artifact id: '9e5f21a9577fb0f9218bcb890243bad5') in 0.035199 seconds
Number of updated asset objects reloaded before import = 0
Number of asset objects unloaded after import = 8
========================================================================
Received Import Request.
  Time since last request: 0.000021 seconds.
  path: Assets/Wand and Circles/Polygon City Free Pack - Environment and Interior/Materials/StoneColors/Metall.mat
  artifactKey: Guid(96716d32b30149d45a360da710b4d6b9) Importer(2089858483,0ecaa5967403d082aa24f35e1b516d23)
Start importing Assets/Wand and Circles/Polygon City Free Pack - Environment and Interior/Materials/StoneColors/Metall.mat using Guid(96716d32b30149d45a360da710b4d6b9) Importer(2089858483,0ecaa5967403d082aa24f35e1b516d23)  -> (artifact id: '069420a0ce01eb6909dcc15a7f0aff22') in 0.044515 seconds
Number of updated asset objects reloaded before import = 0
Number of asset objects unloaded after import = 1
========================================================================
Received Import Request.
  Time since last request: 0.000023 seconds.
  path: Assets/Wand and Circles/Polygon City Free Pack - Environment and Interior/Prefabs/Desks/Desk_1.prefab
  artifactKey: Guid(8f4f7d26e599fff4d9bf78396c23e2a2) Importer(2089858483,0ecaa5967403d082aa24f35e1b516d23)
Start importing Assets/Wand and Circles/Polygon City Free Pack - Environment and Interior/Prefabs/Desks/Desk_1.prefab using Guid(8f4f7d26e599fff4d9bf78396c23e2a2) Importer(2089858483,0ecaa5967403d082aa24f35e1b516d23)  -> (artifact id: '6fbc67dad9ec274f0311ca2025905edb') in 0.038148 seconds
Number of updated asset objects reloaded before import = 0
Number of asset objects unloaded after import = 8
========================================================================
Received Import Request.
  Time since last request: 0.000033 seconds.
  path: Assets/Fake Interiors FREE/Assets/Texture/BrickRoom/BrickWall_4.png
  artifactKey: Guid(e156cc7c25a806a4bb1f94743200be0d) Importer(2089858483,0ecaa5967403d082aa24f35e1b516d23)
Start importing Assets/Fake Interiors FREE/Assets/Texture/BrickRoom/BrickWall_4.png using Guid(e156cc7c25a806a4bb1f94743200be0d) Importer(2089858483,0ecaa5967403d082aa24f35e1b516d23)  -> (artifact id: 'f994e9987ec3c0773b42513e48c45e51') in 0.042452 seconds
Number of updated asset objects reloaded before import = 0
Number of asset objects unloaded after import = 1
========================================================================
Received Import Request.
  Time since last request: 0.000020 seconds.
  path: Assets/Wand and Circles/Polygon City Free Pack - Environment and Interior/Prefabs/Grass/Grass_25.prefab
  artifactKey: Guid(4362c5a9df5e48040bdfb79a25df45bb) Importer(2089858483,0ecaa5967403d082aa24f35e1b516d23)
Start importing Assets/Wand and Circles/Polygon City Free Pack - Environment and Interior/Prefabs/Grass/Grass_25.prefab using Guid(4362c5a9df5e48040bdfb79a25df45bb) Importer(2089858483,0ecaa5967403d082aa24f35e1b516d23)  -> (artifact id: '6800ab9d6cd73094c3ecc9d102e7e6ab') in 0.037272 seconds
Number of updated asset objects reloaded before import = 0
Number of asset objects unloaded after import = 8
========================================================================
Received Import Request.
  Time since last request: 0.000023 seconds.
  path: Assets/Wand and Circles/Polygon City Free Pack - Environment and Interior/Prefabs/Props/Barrel 3.prefab
  artifactKey: Guid(98f66ccba0443a14a8dffc0d78794889) Importer(2089858483,0ecaa5967403d082aa24f35e1b516d23)
Start importing Assets/Wand and Circles/Polygon City Free Pack - Environment and Interior/Prefabs/Props/Barrel 3.prefab using Guid(98f66ccba0443a14a8dffc0d78794889) Importer(2089858483,0ecaa5967403d082aa24f35e1b516d23)  -> (artifact id: '523d7dff3777c566b05f3cb1466a1f81') in 0.038888 seconds
Number of updated asset objects reloaded before import = 0
Number of asset objects unloaded after import = 8
========================================================================
Received Import Request.
  Time since last request: 0.000021 seconds.
  path: Assets/Wand and Circles/Polygon City Free Pack - Environment and Interior/Prefabs/Props/Bottle 2.prefab
  artifactKey: Guid(d28303eaf6a5a2343911f662a49ab3e3) Importer(2089858483,0ecaa5967403d082aa24f35e1b516d23)
Start importing Assets/Wand and Circles/Polygon City Free Pack - Environment and Interior/Prefabs/Props/Bottle 2.prefab using Guid(d28303eaf6a5a2343911f662a49ab3e3) Importer(2089858483,0ecaa5967403d082aa24f35e1b516d23)  -> (artifact id: 'e775564ace0dfe0c6ec4f4412e9a2ccb') in 0.033025 seconds
Number of updated asset objects reloaded before import = 0
Number of asset objects unloaded after import = 8
========================================================================
Received Import Request.
  Time since last request: 0.000031 seconds.
  path: Assets/Wand and Circles/Polygon City Free Pack - Environment and Interior/Prefabs/Grass/Grass_4.prefab
  artifactKey: Guid(50ad029403f04aa42800c58723220bb1) Importer(2089858483,0ecaa5967403d082aa24f35e1b516d23)
Start importing Assets/Wand and Circles/Polygon City Free Pack - Environment and Interior/Prefabs/Grass/Grass_4.prefab using Guid(50ad029403f04aa42800c58723220bb1) Importer(2089858483,0ecaa5967403d082aa24f35e1b516d23)  -> (artifact id: '333c9a29f7101a4f3ceb193df8a696e4') in 0.042053 seconds
Number of updated asset objects reloaded before import = 0
Number of asset objects unloaded after import = 8
========================================================================
Received Import Request.
  Time since last request: 0.000017 seconds.
  path: Assets/Wand and Circles/Polygon City Free Pack - Environment and Interior/Prefabs/Props/Box.prefab
  artifactKey: Guid(a647882968665e14d8ed54bbf178a156) Importer(2089858483,0ecaa5967403d082aa24f35e1b516d23)
Start importing Assets/Wand and Circles/Polygon City Free Pack - Environment and Interior/Prefabs/Props/Box.prefab using Guid(a647882968665e14d8ed54bbf178a156) Importer(2089858483,0ecaa5967403d082aa24f35e1b516d23)  -> (artifact id: '5399c7dd2c1442c7e271160dd7548051') in 0.036135 seconds
Number of updated asset objects reloaded before import = 0
Number of asset objects unloaded after import = 8
========================================================================
Received Import Request.
  Time since last request: 0.000024 seconds.
  path: Assets/Wand and Circles/Polygon City Free Pack - Environment and Interior/Prefabs/Props/Box cap.prefab
  artifactKey: Guid(ec267ebad9ef10c45bc6b17ee8de56c4) Importer(2089858483,0ecaa5967403d082aa24f35e1b516d23)
Start importing Assets/Wand and Circles/Polygon City Free Pack - Environment and Interior/Prefabs/Props/Box cap.prefab using Guid(ec267ebad9ef10c45bc6b17ee8de56c4) Importer(2089858483,0ecaa5967403d082aa24f35e1b516d23)  -> (artifact id: '8a5091e64eb7346c64916b6b551a793d') in 0.034598 seconds
Number of updated asset objects reloaded before import = 0
Number of asset objects unloaded after import = 8
========================================================================
Received Import Request.
  Time since last request: 0.000032 seconds.
  path: Assets/Wand and Circles/Polygon City Free Pack - Environment and Interior/Prefabs/Grass/Grass_2.prefab
  artifactKey: Guid(f5cbc603d4f99ea4986d8f2ec5a479ed) Importer(2089858483,0ecaa5967403d082aa24f35e1b516d23)
Start importing Assets/Wand and Circles/Polygon City Free Pack - Environment and Interior/Prefabs/Grass/Grass_2.prefab using Guid(f5cbc603d4f99ea4986d8f2ec5a479ed) Importer(2089858483,0ecaa5967403d082aa24f35e1b516d23)  -> (artifact id: '9d3f575bab15dd6a4ce648d0cea2f9c9') in 0.034146 seconds
Number of updated asset objects reloaded before import = 0
Number of asset objects unloaded after import = 8
========================================================================
Received Import Request.
  Time since last request: 0.000056 seconds.
  path: Assets/Wand and Circles/Polygon City Free Pack - Environment and Interior/Prefabs/Props/Book.prefab
  artifactKey: Guid(1e8790faf0b1ad046b1707b8700fa39b) Importer(2089858483,0ecaa5967403d082aa24f35e1b516d23)
Start importing Assets/Wand and Circles/Polygon City Free Pack - Environment and Interior/Prefabs/Props/Book.prefab using Guid(1e8790faf0b1ad046b1707b8700fa39b) Importer(2089858483,0ecaa5967403d082aa24f35e1b516d23)  -> (artifact id: '70a0af06f04b2750d55070b2f016825f') in 0.039165 seconds
Number of updated asset objects reloaded before import = 0
Number of asset objects unloaded after import = 8
========================================================================
Received Import Request.
  Time since last request: 0.000025 seconds.
  path: Assets/Wand and Circles/Polygon City Free Pack - Environment and Interior/Prefabs/Props/Bath.prefab
  artifactKey: Guid(7fb2cfb6c1dd3524abc5badb8f7da2fc) Importer(2089858483,0ecaa5967403d082aa24f35e1b516d23)
Start importing Assets/Wand and Circles/Polygon City Free Pack - Environment and Interior/Prefabs/Props/Bath.prefab using Guid(7fb2cfb6c1dd3524abc5badb8f7da2fc) Importer(2089858483,0ecaa5967403d082aa24f35e1b516d23)  -> (artifact id: '9026e846b2e45366a8cce6f81ca0c1d6') in 0.032926 seconds
Number of updated asset objects reloaded before import = 0
Number of asset objects unloaded after import = 8
========================================================================
Received Import Request.
  Time since last request: 0.000021 seconds.
  path: Assets/Fake Interiors FREE/Assets/Prefabs/HDRP/Sample Cube Large.prefab
  artifactKey: Guid(86b06bb536ad84e4baf52cc481fe68d2) Importer(2089858483,0ecaa5967403d082aa24f35e1b516d23)
Start importing Assets/Fake Interiors FREE/Assets/Prefabs/HDRP/Sample Cube Large.prefab using Guid(86b06bb536ad84e4baf52cc481fe68d2) Importer(2089858483,0ecaa5967403d082aa24f35e1b516d23)  -> (artifact id: '21971a892a9a52cf80ee136f8349a383') in 0.035705 seconds
Number of updated asset objects reloaded before import = 0
Number of asset objects unloaded after import = 7
========================================================================
Received Import Request.
  Time since last request: 0.000021 seconds.
  path: Assets/Wand and Circles/Polygon City Free Pack - Environment and Interior/Prefabs/Desks/Desk_26.prefab
  artifactKey: Guid(d9da5dba726a1e647b4f3dd9e7621eff) Importer(2089858483,0ecaa5967403d082aa24f35e1b516d23)
Start importing Assets/Wand and Circles/Polygon City Free Pack - Environment and Interior/Prefabs/Desks/Desk_26.prefab using Guid(d9da5dba726a1e647b4f3dd9e7621eff) Importer(2089858483,0ecaa5967403d082aa24f35e1b516d23)  -> (artifact id: '3170411c70af3481e70d13f74a8889e2') in 0.038952 seconds
Number of updated asset objects reloaded before import = 0
Number of asset objects unloaded after import = 8
========================================================================
Received Import Request.
  Time since last request: 0.000022 seconds.
  path: Assets/Wand and Circles/Polygon City Free Pack - Environment and Interior/Prefabs/Desks/Desk_19.prefab
  artifactKey: Guid(2924a7781a7fe4742903b8164b39ee3f) Importer(2089858483,0ecaa5967403d082aa24f35e1b516d23)
Start importing Assets/Wand and Circles/Polygon City Free Pack - Environment and Interior/Prefabs/Desks/Desk_19.prefab using Guid(2924a7781a7fe4742903b8164b39ee3f) Importer(2089858483,0ecaa5967403d082aa24f35e1b516d23)  -> (artifact id: 'c517800885b5d3023488947ebe49291e') in 0.042207 seconds
Number of updated asset objects reloaded before import = 0
Number of asset objects unloaded after import = 8
========================================================================
Received Import Request.
  Time since last request: 0.000039 seconds.
  path: Assets/Fake Interiors FREE/Plugins/EditorResources/Banner.png
  artifactKey: Guid(c22fa2c9354f8ae4c936cfce17e7e1a5) Importer(2089858483,0ecaa5967403d082aa24f35e1b516d23)
Start importing Assets/Fake Interiors FREE/Plugins/EditorResources/Banner.png using Guid(c22fa2c9354f8ae4c936cfce17e7e1a5) Importer(2089858483,0ecaa5967403d082aa24f35e1b516d23)  -> (artifact id: '92e57ed9cf4fde11395cb4791fcac8bd') in 0.038959 seconds
Number of updated asset objects reloaded before import = 0
Number of asset objects unloaded after import = 1
========================================================================
Received Import Request.
  Time since last request: 0.000039 seconds.
  path: Assets/Wand and Circles/Polygon City Free Pack - Environment and Interior/Prefabs/Trees/Tree_0.prefab
  artifactKey: Guid(b3346243102ac92468ba836d7a0084e5) Importer(2089858483,0ecaa5967403d082aa24f35e1b516d23)
Start importing Assets/Wand and Circles/Polygon City Free Pack - Environment and Interior/Prefabs/Trees/Tree_0.prefab using Guid(b3346243102ac92468ba836d7a0084e5) Importer(2089858483,0ecaa5967403d082aa24f35e1b516d23)  -> (artifact id: '7ed0ccb7962aa3a41ba2f1bdd819a80f') in 0.042173 seconds
Number of updated asset objects reloaded before import = 0
Number of asset objects unloaded after import = 8
========================================================================
Received Import Request.
  Time since last request: 0.000036 seconds.
  path: Assets/Wand and Circles/Polygon City Free Pack - Environment and Interior/Prefabs/Props/Table 2.prefab
  artifactKey: Guid(dddb89b0373ae404e8e394dbdc7271e5) Importer(2089858483,0ecaa5967403d082aa24f35e1b516d23)
Start importing Assets/Wand and Circles/Polygon City Free Pack - Environment and Interior/Prefabs/Props/Table 2.prefab using Guid(dddb89b0373ae404e8e394dbdc7271e5) Importer(2089858483,0ecaa5967403d082aa24f35e1b516d23)  -> (artifact id: 'a46414fdca2758d1d6cbbeb6f4e11e82') in 0.050271 seconds
Number of updated asset objects reloaded before import = 0
Number of asset objects unloaded after import = 8
========================================================================
Received Import Request.
  Time since last request: 0.000036 seconds.
  path: Assets/Wand and Circles/Polygon City Free Pack - Environment and Interior/Prefabs/Props/Table.prefab
  artifactKey: Guid(e129e60cf32107d4d93ed950b970343b) Importer(2089858483,0ecaa5967403d082aa24f35e1b516d23)
Start importing Assets/Wand and Circles/Polygon City Free Pack - Environment and Interior/Prefabs/Props/Table.prefab using Guid(e129e60cf32107d4d93ed950b970343b) Importer(2089858483,0ecaa5967403d082aa24f35e1b516d23)  -> (artifact id: 'c067dea88c26c3bcd736fbede7122143') in 0.062264 seconds
Number of updated asset objects reloaded before import = 0
Number of asset objects unloaded after import = 8
========================================================================
Received Import Request.
  Time since last request: 0.000041 seconds.
  path: Assets/Wand and Circles/Polygon City Free Pack - Environment and Interior/Prefabs/Props/Cistern.prefab
  artifactKey: Guid(44079a24b89f07c4797e49b48d45b768) Importer(2089858483,0ecaa5967403d082aa24f35e1b516d23)
Start importing Assets/Wand and Circles/Polygon City Free Pack - Environment and Interior/Prefabs/Props/Cistern.prefab using Guid(44079a24b89f07c4797e49b48d45b768) Importer(2089858483,0ecaa5967403d082aa24f35e1b516d23)  -> (artifact id: '1ca13b2f2970696adc88eea9b7369574') in 0.070568 seconds
Number of updated asset objects reloaded before import = 0
Number of asset objects unloaded after import = 8
========================================================================
Received Import Request.
  Time since last request: 0.000052 seconds.
  path: Assets/Wand and Circles/Polygon City Free Pack - Environment and Interior/Prefabs/Props/Cupboard 1.prefab
  artifactKey: Guid(e8db974ebe3341040b8eaf2eecbabb8e) Importer(2089858483,0ecaa5967403d082aa24f35e1b516d23)
Start importing Assets/Wand and Circles/Polygon City Free Pack - Environment and Interior/Prefabs/Props/Cupboard 1.prefab using Guid(e8db974ebe3341040b8eaf2eecbabb8e) Importer(2089858483,0ecaa5967403d082aa24f35e1b516d23)  -> (artifact id: 'c4345a8dc567cf3367fb220d046d6f1a') in 0.048902 seconds
Number of updated asset objects reloaded before import = 0
Number of asset objects unloaded after import = 8
========================================================================
Received Import Request.
  Time since last request: 0.000091 seconds.
  path: Assets/Wand and Circles/Polygon City Free Pack - Environment and Interior/Prefabs/Props/Metall box.prefab
  artifactKey: Guid(e5d70f5b7498c1a45a05f1fef3758827) Importer(2089858483,0ecaa5967403d082aa24f35e1b516d23)
Start importing Assets/Wand and Circles/Polygon City Free Pack - Environment and Interior/Prefabs/Props/Metall box.prefab using Guid(e5d70f5b7498c1a45a05f1fef3758827) Importer(2089858483,0ecaa5967403d082aa24f35e1b516d23)  -> (artifact id: '6cb5870f25a7dae4f510868a9e0d62f2') in 0.057107 seconds
Number of updated asset objects reloaded before import = 0
Number of asset objects unloaded after import = 8
========================================================================
Received Import Request.
  Time since last request: 0.000026 seconds.
  path: Assets/Wand and Circles/Polygon City Free Pack - Environment and Interior/Prefabs/Props/Slate 1.prefab
  artifactKey: Guid(78fcb01a1a6de614b872ed0c56c677e7) Importer(2089858483,0ecaa5967403d082aa24f35e1b516d23)
Start importing Assets/Wand and Circles/Polygon City Free Pack - Environment and Interior/Prefabs/Props/Slate 1.prefab using Guid(78fcb01a1a6de614b872ed0c56c677e7) Importer(2089858483,0ecaa5967403d082aa24f35e1b516d23)  -> (artifact id: 'd0557a8cac1dbd64c807d2434ec38654') in 0.038693 seconds
Number of updated asset objects reloaded before import = 0
Number of asset objects unloaded after import = 8
========================================================================
Received Import Request.
  Time since last request: 0.000026 seconds.
  path: Assets/Wand and Circles/Polygon City Free Pack - Environment and Interior/Prefabs/Props/Electric pole 1.prefab
  artifactKey: Guid(920207195d0c93943be182a86eac11d3) Importer(2089858483,0ecaa5967403d082aa24f35e1b516d23)
Start importing Assets/Wand and Circles/Polygon City Free Pack - Environment and Interior/Prefabs/Props/Electric pole 1.prefab using Guid(920207195d0c93943be182a86eac11d3) Importer(2089858483,0ecaa5967403d082aa24f35e1b516d23)  -> (artifact id: '70a9cc744a961e3c9cd12f78fb80001a') in 0.045679 seconds
Number of updated asset objects reloaded before import = 0
Number of asset objects unloaded after import = 8
========================================================================
Received Import Request.
  Time since last request: 0.000039 seconds.
  path: Assets/Wand and Circles/Polygon City Free Pack - Environment and Interior/Prefabs/Props/Table 4.prefab
  artifactKey: Guid(7afe8b9214bd0d6429abb8fa1ad2e3c3) Importer(2089858483,0ecaa5967403d082aa24f35e1b516d23)
Start importing Assets/Wand and Circles/Polygon City Free Pack - Environment and Interior/Prefabs/Props/Table 4.prefab using Guid(7afe8b9214bd0d6429abb8fa1ad2e3c3) Importer(2089858483,0ecaa5967403d082aa24f35e1b516d23)  -> (artifact id: '0ebedfb4805236674488fac3cfd281a5') in 0.037258 seconds
Number of updated asset objects reloaded before import = 0
Number of asset objects unloaded after import = 8
========================================================================
Received Import Request.
  Time since last request: 0.000019 seconds.
  path: Assets/Wand and Circles/Polygon City Free Pack - Environment and Interior/Prefabs/Props/Door.prefab
  artifactKey: Guid(8f8380511e772364183918aa8e6b339f) Importer(2089858483,0ecaa5967403d082aa24f35e1b516d23)
Start importing Assets/Wand and Circles/Polygon City Free Pack - Environment and Interior/Prefabs/Props/Door.prefab using Guid(8f8380511e772364183918aa8e6b339f) Importer(2089858483,0ecaa5967403d082aa24f35e1b516d23)  -> (artifact id: 'eb6ba51750d8ec3cd55fae3cd594883f') in 0.037543 seconds
Number of updated asset objects reloaded before import = 0
Number of asset objects unloaded after import = 8
========================================================================
Received Import Request.
  Time since last request: 0.000029 seconds.
  path: Assets/Wand and Circles/Polygon City Free Pack - Environment and Interior/Prefabs/Trees/Tree_24.prefab
  artifactKey: Guid(fb9947bd463beaa4aa7375f6ddd8d9d9) Importer(2089858483,0ecaa5967403d082aa24f35e1b516d23)
Start importing Assets/Wand and Circles/Polygon City Free Pack - Environment and Interior/Prefabs/Trees/Tree_24.prefab using Guid(fb9947bd463beaa4aa7375f6ddd8d9d9) Importer(2089858483,0ecaa5967403d082aa24f35e1b516d23)  -> (artifact id: '2192b290dc1e402d69cdd3a03eadab02') in 0.036029 seconds
Number of updated asset objects reloaded before import = 0
Number of asset objects unloaded after import = 8
========================================================================
Received Import Request.
  Time since last request: 0.000053 seconds.
  path: Assets/Wand and Circles/Polygon City Free Pack - Environment and Interior/Prefabs/Buildings/Garage/Walls 1.prefab
  artifactKey: Guid(c2b35dbf46635a3488cb1a732a373f1b) Importer(2089858483,0ecaa5967403d082aa24f35e1b516d23)
Start importing Assets/Wand and Circles/Polygon City Free Pack - Environment and Interior/Prefabs/Buildings/Garage/Walls 1.prefab using Guid(c2b35dbf46635a3488cb1a732a373f1b) Importer(2089858483,0ecaa5967403d082aa24f35e1b516d23)  -> (artifact id: '2b8da531bf99ce90855106590a74b1af') in 0.038392 seconds
Number of updated asset objects reloaded before import = 0
Number of asset objects unloaded after import = 8
========================================================================
Received Import Request.
  Time since last request: 0.000031 seconds.
  path: Assets/Wand and Circles/Polygon City Free Pack - Environment and Interior/Prefabs/Buildings/Garage/Walls.prefab
  artifactKey: Guid(b2176eb7ac7b2374486b40cfb3b81053) Importer(2089858483,0ecaa5967403d082aa24f35e1b516d23)
Start importing Assets/Wand and Circles/Polygon City Free Pack - Environment and Interior/Prefabs/Buildings/Garage/Walls.prefab using Guid(b2176eb7ac7b2374486b40cfb3b81053) Importer(2089858483,0ecaa5967403d082aa24f35e1b516d23)  -> (artifact id: 'e81f10cec976a2c3e02e8f494d511c1b') in 0.046392 seconds
Number of updated asset objects reloaded before import = 0
Number of asset objects unloaded after import = 8
========================================================================
Received Import Request.
  Time since last request: 0.000038 seconds.
  path: Assets/Wand and Circles/Polygon City Free Pack - Environment and Interior/Prefabs/Trees/Tree_31.prefab
  artifactKey: Guid(85a12af49221efe4cb985b3f96a788cb) Importer(2089858483,0ecaa5967403d082aa24f35e1b516d23)
Start importing Assets/Wand and Circles/Polygon City Free Pack - Environment and Interior/Prefabs/Trees/Tree_31.prefab using Guid(85a12af49221efe4cb985b3f96a788cb) Importer(2089858483,0ecaa5967403d082aa24f35e1b516d23)  -> (artifact id: 'f962e92cfc4b6df0a28937e4ae14b622') in 0.043547 seconds
Number of updated asset objects reloaded before import = 0
Number of asset objects unloaded after import = 8
========================================================================
Received Import Request.
  Time since last request: 0.000021 seconds.
  path: Assets/Wand and Circles/Polygon City Free Pack - Environment and Interior/Prefabs/Trees/Tree_11.prefab
  artifactKey: Guid(4827012764364a746922cc6dc7eec8a0) Importer(2089858483,0ecaa5967403d082aa24f35e1b516d23)
Start importing Assets/Wand and Circles/Polygon City Free Pack - Environment and Interior/Prefabs/Trees/Tree_11.prefab using Guid(4827012764364a746922cc6dc7eec8a0) Importer(2089858483,0ecaa5967403d082aa24f35e1b516d23)  -> (artifact id: '592c06b8043ee678bffe8319f9c93998') in 0.048154 seconds
Number of updated asset objects reloaded before import = 0
Number of asset objects unloaded after import = 8
========================================================================
Received Import Request.
  Time since last request: 0.000039 seconds.
  path: Assets/Wand and Circles/Polygon City Free Pack - Environment and Interior/Prefabs/Trees/Tree_29.prefab
  artifactKey: Guid(0b3ba913a71cfba43abcae30095e3cf7) Importer(2089858483,0ecaa5967403d082aa24f35e1b516d23)
Start importing Assets/Wand and Circles/Polygon City Free Pack - Environment and Interior/Prefabs/Trees/Tree_29.prefab using Guid(0b3ba913a71cfba43abcae30095e3cf7) Importer(2089858483,0ecaa5967403d082aa24f35e1b516d23)  -> (artifact id: '91b35754dfd5b445ad19aaf3bb0d915e') in 0.050172 seconds
Number of updated asset objects reloaded before import = 0
Number of asset objects unloaded after import = 8
========================================================================
Received Import Request.
  Time since last request: 0.000062 seconds.
  path: Assets/Wand and Circles/Polygon City Free Pack - Environment and Interior/Prefabs/Buildings/Little angar/Walls.prefab
  artifactKey: Guid(73fb66deac9bfa54eb369e36b1a7f824) Importer(2089858483,0ecaa5967403d082aa24f35e1b516d23)
Start importing Assets/Wand and Circles/Polygon City Free Pack - Environment and Interior/Prefabs/Buildings/Little angar/Walls.prefab using Guid(73fb66deac9bfa54eb369e36b1a7f824) Importer(2089858483,0ecaa5967403d082aa24f35e1b516d23)  -> (artifact id: 'e6eeb1eedaf7395bbfb39225ead2d246') in 0.045726 seconds
Number of updated asset objects reloaded before import = 0
Number of asset objects unloaded after import = 8
========================================================================
Received Import Request.
  Time since last request: 0.000075 seconds.
  path: Assets/Wand and Circles/Polygon City Free Pack - Environment and Interior/Prefabs/Trees/Tree_28.prefab
  artifactKey: Guid(24b54966bec7c1f46a1848e874497621) Importer(2089858483,0ecaa5967403d082aa24f35e1b516d23)
Start importing Assets/Wand and Circles/Polygon City Free Pack - Environment and Interior/Prefabs/Trees/Tree_28.prefab using Guid(24b54966bec7c1f46a1848e874497621) Importer(2089858483,0ecaa5967403d082aa24f35e1b516d23)  -> (artifact id: 'bf4b5ce4ade1bcdb425ca9133a5f703a') in 0.062224 seconds
Number of updated asset objects reloaded before import = 0
Number of asset objects unloaded after import = 8
========================================================================
Received Import Request.
  Time since last request: 0.000048 seconds.
  path: Assets/Wand and Circles/Polygon City Free Pack - Environment and Interior/Prefabs/Trees/Tree_18.prefab
  artifactKey: Guid(2ac3a172a93203841ae7b3e7cad387bc) Importer(2089858483,0ecaa5967403d082aa24f35e1b516d23)
Start importing Assets/Wand and Circles/Polygon City Free Pack - Environment and Interior/Prefabs/Trees/Tree_18.prefab using Guid(2ac3a172a93203841ae7b3e7cad387bc) Importer(2089858483,0ecaa5967403d082aa24f35e1b516d23)  -> (artifact id: '34427b3c2be65e843295c6527f145741') in 0.061276 seconds
Number of updated asset objects reloaded before import = 0
Number of asset objects unloaded after import = 8
========================================================================
Received Import Request.
  Time since last request: 0.000044 seconds.
  path: Assets/Wand and Circles/Polygon City Free Pack - Environment and Interior/Prefabs/Props/Nightstand.prefab
  artifactKey: Guid(35e6f7766184fad4bb4d90c201beee78) Importer(2089858483,0ecaa5967403d082aa24f35e1b516d23)
Start importing Assets/Wand and Circles/Polygon City Free Pack - Environment and Interior/Prefabs/Props/Nightstand.prefab using Guid(35e6f7766184fad4bb4d90c201beee78) Importer(2089858483,0ecaa5967403d082aa24f35e1b516d23)  -> (artifact id: '94f10f12881674fcfbc85c654b9bb60c') in 0.048275 seconds
Number of updated asset objects reloaded before import = 0
Number of asset objects unloaded after import = 8
========================================================================
Received Import Request.
  Time since last request: 0.000050 seconds.
  path: Assets/Wand and Circles/Polygon City Free Pack - Environment and Interior/Prefabs/Buildings/Modular/Walls_0.prefab
  artifactKey: Guid(498eccc7b6b1ac34083ee83096a35952) Importer(2089858483,0ecaa5967403d082aa24f35e1b516d23)
Start importing Assets/Wand and Circles/Polygon City Free Pack - Environment and Interior/Prefabs/Buildings/Modular/Walls_0.prefab using Guid(498eccc7b6b1ac34083ee83096a35952) Importer(2089858483,0ecaa5967403d082aa24f35e1b516d23)  -> (artifact id: '13779b92a8fdfc402412412938b1f21b') in 0.051818 seconds
Number of updated asset objects reloaded before import = 0
Number of asset objects unloaded after import = 8
========================================================================
Received Import Request.
  Time since last request: 0.000078 seconds.
  path: Assets/Wand and Circles/Polygon City Free Pack - Environment and Interior/Prefabs/Fences/0/Fence_2.prefab
  artifactKey: Guid(8c3b17f97072f2a48b08f6f9965f3484) Importer(2089858483,0ecaa5967403d082aa24f35e1b516d23)
Start importing Assets/Wand and Circles/Polygon City Free Pack - Environment and Interior/Prefabs/Fences/0/Fence_2.prefab using Guid(8c3b17f97072f2a48b08f6f9965f3484) Importer(2089858483,0ecaa5967403d082aa24f35e1b516d23)  -> (artifact id: '3f866114f320e2c9668498bb4b898582') in 0.051906 seconds
Number of updated asset objects reloaded before import = 0
Number of asset objects unloaded after import = 8
========================================================================
Received Import Request.
  Time since last request: 0.000058 seconds.
  path: Assets/Wand and Circles/Polygon City Free Pack - Environment and Interior/Prefabs/Fences/1/Fence_0.prefab
  artifactKey: Guid(1c5264038b8ac774b99da4131883b27d) Importer(2089858483,0ecaa5967403d082aa24f35e1b516d23)
Start importing Assets/Wand and Circles/Polygon City Free Pack - Environment and Interior/Prefabs/Fences/1/Fence_0.prefab using Guid(1c5264038b8ac774b99da4131883b27d) Importer(2089858483,0ecaa5967403d082aa24f35e1b516d23)  -> (artifact id: '0193d4146ebafb9b77609cbe503e45a0') in 0.040483 seconds
Number of updated asset objects reloaded before import = 0
Number of asset objects unloaded after import = 8
========================================================================
Received Import Request.
  Time since last request: 0.000020 seconds.
  path: Assets/Wand and Circles/Polygon City Free Pack - Environment and Interior/Prefabs/Stones/Big Stones/Big stone_1.prefab
  artifactKey: Guid(b23e5be9ef1ac4c45b532fb7fb0f7edf) Importer(2089858483,0ecaa5967403d082aa24f35e1b516d23)
Start importing Assets/Wand and Circles/Polygon City Free Pack - Environment and Interior/Prefabs/Stones/Big Stones/Big stone_1.prefab using Guid(b23e5be9ef1ac4c45b532fb7fb0f7edf) Importer(2089858483,0ecaa5967403d082aa24f35e1b516d23)  -> (artifact id: 'e6ba32baa20b283cd6a1098d5eae2379') in 0.035835 seconds
Number of updated asset objects reloaded before import = 0
Number of asset objects unloaded after import = 8
========================================================================
Received Import Request.
  Time since last request: 0.000031 seconds.
  path: Assets/Wand and Circles/Polygon City Free Pack - Environment and Interior/Prefabs/Fences/3/Fence.prefab
  artifactKey: Guid(91b6254eb9adcfa4eaa64a308f18a28e) Importer(2089858483,0ecaa5967403d082aa24f35e1b516d23)
Start importing Assets/Wand and Circles/Polygon City Free Pack - Environment and Interior/Prefabs/Fences/3/Fence.prefab using Guid(91b6254eb9adcfa4eaa64a308f18a28e) Importer(2089858483,0ecaa5967403d082aa24f35e1b516d23)  -> (artifact id: '9b5869ef398da9da17627e407a8e9d4a') in 0.047403 seconds
Number of updated asset objects reloaded before import = 0
Number of asset objects unloaded after import = 8
========================================================================
Received Import Request.
  Time since last request: 0.000063 seconds.
  path: Assets/Wand and Circles/Polygon City Free Pack - Environment and Interior/Prefabs/Fences/1/Fence_3.prefab
  artifactKey: Guid(0c542100d8feb914ba4e5b8ab13ca201) Importer(2089858483,0ecaa5967403d082aa24f35e1b516d23)
Start importing Assets/Wand and Circles/Polygon City Free Pack - Environment and Interior/Prefabs/Fences/1/Fence_3.prefab using Guid(0c542100d8feb914ba4e5b8ab13ca201) Importer(2089858483,0ecaa5967403d082aa24f35e1b516d23)  -> (artifact id: 'ee48e0625b2f0ab08cb4110584db59e3') in 0.040642 seconds
Number of updated asset objects reloaded before import = 0
Number of asset objects unloaded after import = 8
========================================================================
Received Import Request.
  Time since last request: 0.000022 seconds.
  path: Assets/Wand and Circles/Polygon City Free Pack - Environment and Interior/Prefabs/Fences/3/Fence_0.prefab
  artifactKey: Guid(8c61b325955b2184cab9daaf8241f7d1) Importer(2089858483,0ecaa5967403d082aa24f35e1b516d23)
Start importing Assets/Wand and Circles/Polygon City Free Pack - Environment and Interior/Prefabs/Fences/3/Fence_0.prefab using Guid(8c61b325955b2184cab9daaf8241f7d1) Importer(2089858483,0ecaa5967403d082aa24f35e1b516d23)  -> (artifact id: '319c88da5beed31f296234bfb79ef179') in 0.052102 seconds
Number of updated asset objects reloaded before import = 0
Number of asset objects unloaded after import = 8
========================================================================
Received Import Request.
  Time since last request: 0.000042 seconds.
  path: Assets/Wand and Circles/Polygon City Free Pack - Environment and Interior/Prefabs/Fences/4/Fence.prefab
  artifactKey: Guid(3183c04cbebbbf541b36b54848aa67b7) Importer(2089858483,0ecaa5967403d082aa24f35e1b516d23)
Start importing Assets/Wand and Circles/Polygon City Free Pack - Environment and Interior/Prefabs/Fences/4/Fence.prefab using Guid(3183c04cbebbbf541b36b54848aa67b7) Importer(2089858483,0ecaa5967403d082aa24f35e1b516d23)  -> (artifact id: '3b4f9646fcae5a9aa9f58a374d23c2b6') in 0.045774 seconds
Number of updated asset objects reloaded before import = 0
Number of asset objects unloaded after import = 8
========================================================================
Received Import Request.
  Time since last request: 0.000041 seconds.
  path: Assets/Wand and Circles/Polygon City Free Pack - Environment and Interior/Prefabs/Stones/Big Stones/Big stone_3.prefab
  artifactKey: Guid(754cf91f22b8fd14495f7dd8ce051aae) Importer(2089858483,0ecaa5967403d082aa24f35e1b516d23)
Start importing Assets/Wand and Circles/Polygon City Free Pack - Environment and Interior/Prefabs/Stones/Big Stones/Big stone_3.prefab using Guid(754cf91f22b8fd14495f7dd8ce051aae) Importer(2089858483,0ecaa5967403d082aa24f35e1b516d23)  -> (artifact id: 'bcfd0657e445b61f47a86cb99c978905') in 0.045376 seconds
Number of updated asset objects reloaded before import = 0
Number of asset objects unloaded after import = 8
========================================================================
Received Import Request.
  Time since last request: 0.000028 seconds.
  path: Assets/Wand and Circles/Polygon City Free Pack - Environment and Interior/Prefabs/Trees/Tree_37.prefab
  artifactKey: Guid(3412a07407075b246a14e3fe1ac3a50d) Importer(2089858483,0ecaa5967403d082aa24f35e1b516d23)
Start importing Assets/Wand and Circles/Polygon City Free Pack - Environment and Interior/Prefabs/Trees/Tree_37.prefab using Guid(3412a07407075b246a14e3fe1ac3a50d) Importer(2089858483,0ecaa5967403d082aa24f35e1b516d23)  -> (artifact id: '1c8f50c3bb8d95b3cd4cf851f4a6a6c6') in 0.057732 seconds
Number of updated asset objects reloaded before import = 0
Number of asset objects unloaded after import = 8
========================================================================
Received Import Request.
  Time since last request: 0.000033 seconds.
  path: Assets/Wand and Circles/Polygon City Free Pack - Environment and Interior/Prefabs/Stones/Little Stones/Little Stone_5.prefab
  artifactKey: Guid(a255add9260ac074a8d3988a3a856d3e) Importer(2089858483,0ecaa5967403d082aa24f35e1b516d23)
Start importing Assets/Wand and Circles/Polygon City Free Pack - Environment and Interior/Prefabs/Stones/Little Stones/Little Stone_5.prefab using Guid(a255add9260ac074a8d3988a3a856d3e) Importer(2089858483,0ecaa5967403d082aa24f35e1b516d23)  -> (artifact id: '8a89a6371cceb0f42ea7e8afe69497f4') in 0.051149 seconds
Number of updated asset objects reloaded before import = 0
Number of asset objects unloaded after import = 8
========================================================================
Received Import Request.
  Time since last request: 0.000037 seconds.
  path: Assets/Wand and Circles/Polygon City Free Pack - Environment and Interior/Prefabs/Stones/Little Stones/Little Stone_7.prefab
  artifactKey: Guid(c3da3921aab4dd94994d4f59b79a6cb7) Importer(2089858483,0ecaa5967403d082aa24f35e1b516d23)
Start importing Assets/Wand and Circles/Polygon City Free Pack - Environment and Interior/Prefabs/Stones/Little Stones/Little Stone_7.prefab using Guid(c3da3921aab4dd94994d4f59b79a6cb7) Importer(2089858483,0ecaa5967403d082aa24f35e1b516d23)  -> (artifact id: '8d5c32474d5c69f9bcd17f3ae9cd9773') in 0.047670 seconds
Number of updated asset objects reloaded before import = 0
Number of asset objects unloaded after import = 8
========================================================================
Received Import Request.
  Time since last request: 0.000026 seconds.
  path: Assets/Wand and Circles/Polygon City Free Pack - Environment and Interior/Prefabs/Fences/2/Fence_0.prefab
  artifactKey: Guid(62431fe986de4e8449f11c2b0949812b) Importer(2089858483,0ecaa5967403d082aa24f35e1b516d23)
Start importing Assets/Wand and Circles/Polygon City Free Pack - Environment and Interior/Prefabs/Fences/2/Fence_0.prefab using Guid(62431fe986de4e8449f11c2b0949812b) Importer(2089858483,0ecaa5967403d082aa24f35e1b516d23)  -> (artifact id: '84dcdd414c4bf71f9d91361994d17628') in 0.044481 seconds
Number of updated asset objects reloaded before import = 0
Number of asset objects unloaded after import = 8
========================================================================
Received Import Request.
  Time since last request: 0.000044 seconds.
  path: Assets/Wand and Circles/Polygon City Free Pack - Environment and Interior/Prefabs/Desks/Desk_6.prefab
  artifactKey: Guid(77704c6880c07fd4fb63294cf7477e97) Importer(2089858483,0ecaa5967403d082aa24f35e1b516d23)
Start importing Assets/Wand and Circles/Polygon City Free Pack - Environment and Interior/Prefabs/Desks/Desk_6.prefab using Guid(77704c6880c07fd4fb63294cf7477e97) Importer(2089858483,0ecaa5967403d082aa24f35e1b516d23)  -> (artifact id: '7d0be8f0343950f8930de9205de93ddc') in 0.039856 seconds
Number of updated asset objects reloaded before import = 0
Number of asset objects unloaded after import = 8
========================================================================
Received Import Request.
  Time since last request: 0.000029 seconds.
  path: Assets/Fake Interiors FREE/Samples HDRP 12x.unitypackage
  artifactKey: Guid(781b38d6464246d46a372872354f8f6a) Importer(2089858483,0ecaa5967403d082aa24f35e1b516d23)
Start importing Assets/Fake Interiors FREE/Samples HDRP 12x.unitypackage using Guid(781b38d6464246d46a372872354f8f6a) Importer(2089858483,0ecaa5967403d082aa24f35e1b516d23)  -> (artifact id: 'e91f781d107f237aadf1504946317be3') in 0.019945 seconds
Number of updated asset objects reloaded before import = 0
Number of asset objects unloaded after import = 1
========================================================================
Received Import Request.
  Time since last request: 0.000302 seconds.
  path: Assets/Fake Interiors FREE/Assets/Texture/BrickRoom/BrickWall_3.png
  artifactKey: Guid(123306b02e5cc314186cc4b7b00cc05b) Importer(2089858483,0ecaa5967403d082aa24f35e1b516d23)
Start importing Assets/Fake Interiors FREE/Assets/Texture/BrickRoom/BrickWall_3.png using Guid(123306b02e5cc314186cc4b7b00cc05b) Importer(2089858483,0ecaa5967403d082aa24f35e1b516d23)  -> (artifact id: 'f7caa287b9eca63249db12f768a9f6ad') in 0.053912 seconds
Number of updated asset objects reloaded before import = 0
Number of asset objects unloaded after import = 1
========================================================================
Received Import Request.
  Time since last request: 0.000087 seconds.
  path: Assets/Wand and Circles/Polygon City Free Pack - Environment and Interior/Prefabs/Trees/Tree_17.prefab
  artifactKey: Guid(a4fe006697c13a342b7a0d54569b3709) Importer(2089858483,0ecaa5967403d082aa24f35e1b516d23)
Start importing Assets/Wand and Circles/Polygon City Free Pack - Environment and Interior/Prefabs/Trees/Tree_17.prefab using Guid(a4fe006697c13a342b7a0d54569b3709) Importer(2089858483,0ecaa5967403d082aa24f35e1b516d23)  -> (artifact id: '4ee2b4bd83d59b580fdfe023fe9d2f5c') in 0.048578 seconds
Number of updated asset objects reloaded before import = 0
Number of asset objects unloaded after import = 8
========================================================================
Received Import Request.
  Time since last request: 0.000040 seconds.
  path: Assets/Wand and Circles/Polygon City Free Pack - Environment and Interior/Prefabs/Props/Box 1.prefab
  artifactKey: Guid(03696568ac2c4044b987f5a9954f80c1) Importer(2089858483,0ecaa5967403d082aa24f35e1b516d23)
Start importing Assets/Wand and Circles/Polygon City Free Pack - Environment and Interior/Prefabs/Props/Box 1.prefab using Guid(03696568ac2c4044b987f5a9954f80c1) Importer(2089858483,0ecaa5967403d082aa24f35e1b516d23)  -> (artifact id: '9a79591c18bd94271146ac856fb3b36e') in 0.045247 seconds
Number of updated asset objects reloaded before import = 0
Number of asset objects unloaded after import = 8
========================================================================
Received Import Request.
  Time since last request: 0.000030 seconds.
  path: Assets/Fake Interiors FREE/Plugins/Editor/StartScreen.cs
  artifactKey: Guid(230f392fb781f9945b1db85b54ec6f45) Importer(2089858483,0ecaa5967403d082aa24f35e1b516d23)
Start importing Assets/Fake Interiors FREE/Plugins/Editor/StartScreen.cs using Guid(230f392fb781f9945b1db85b54ec6f45) Importer(2089858483,0ecaa5967403d082aa24f35e1b516d23)  -> (artifact id: '65f253e8e77c9dcfa2fd0ebd64b882a1') in 0.024110 seconds
Number of updated asset objects reloaded before import = 0
Number of asset objects unloaded after import = 1
========================================================================
Received Import Request.
  Time since last request: 0.000036 seconds.
  path: Assets/Wand and Circles/Polygon City Free Pack - Environment and Interior/Textures/TMGS.jpg
  artifactKey: Guid(67763e316ec07294e937bb6c344041f5) Importer(2089858483,0ecaa5967403d082aa24f35e1b516d23)
Start importing Assets/Wand and Circles/Polygon City Free Pack - Environment and Interior/Textures/TMGS.jpg using Guid(67763e316ec07294e937bb6c344041f5) Importer(2089858483,0ecaa5967403d082aa24f35e1b516d23)  -> (artifact id: '4b6b325c85b3c903b22aad187856c98e') in 0.030952 seconds
Number of updated asset objects reloaded before import = 0
Number of asset objects unloaded after import = 1
========================================================================
Received Import Request.
  Time since last request: 0.000038 seconds.
  path: Assets/Wand and Circles/Polygon City Free Pack - Environment and Interior/Prefabs/Props/Door 1.prefab
  artifactKey: Guid(7e5df01eff461484683f1acd930b6d53) Importer(2089858483,0ecaa5967403d082aa24f35e1b516d23)
Start importing Assets/Wand and Circles/Polygon City Free Pack - Environment and Interior/Prefabs/Props/Door 1.prefab using Guid(7e5df01eff461484683f1acd930b6d53) Importer(2089858483,0ecaa5967403d082aa24f35e1b516d23)  -> (artifact id: '4ec34a7e9fcac7ab8a46e70a7025375e') in 0.041517 seconds
Number of updated asset objects reloaded before import = 0
Number of asset objects unloaded after import = 8
========================================================================
Received Import Request.
  Time since last request: 0.000031 seconds.
  path: Assets/Fake Interiors FREE/Assets/Texture/Brick_R.png
  artifactKey: Guid(03c8f0b529da097468dbc40201fa2b8c) Importer(2089858483,0ecaa5967403d082aa24f35e1b516d23)
Start importing Assets/Fake Interiors FREE/Assets/Texture/Brick_R.png using Guid(03c8f0b529da097468dbc40201fa2b8c) Importer(2089858483,0ecaa5967403d082aa24f35e1b516d23)  -> (artifact id: 'f37df0733e2ff41a95f6023831bd203b') in 0.048688 seconds
Number of updated asset objects reloaded before import = 0
Number of asset objects unloaded after import = 1
========================================================================
Received Import Request.
  Time since last request: 573.878883 seconds.
  path: Assets/Wand and Circles/Polygon City Free Pack - Environment and Interior/Fbx/Materials/Gradients_3.004.mat
  artifactKey: Guid(401ac5bcb11e49a4c8e6e5ee659161c2) Importer(815301076,1909f56bfc062723c751e8b465ee728b)
Start importing Assets/Wand and Circles/Polygon City Free Pack - Environment and Interior/Fbx/Materials/Gradients_3.004.mat using Guid(401ac5bcb11e49a4c8e6e5ee659161c2) Importer(815301076,1909f56bfc062723c751e8b465ee728b)  -> (artifact id: 'ecff3735b56600aee8c61dbf1673f351') in 0.140573 seconds
Number of updated asset objects reloaded before import = 0
Number of asset objects unloaded after import = 1
========================================================================
Received Import Request.
  Time since last request: 0.000038 seconds.
  path: Assets/Wand and Circles/Polygon City Free Pack - Environment and Interior/Materials/PaperTexture.mat
  artifactKey: Guid(41a8b341ff5320d499cd2dcc490a87f9) Importer(815301076,1909f56bfc062723c751e8b465ee728b)
Start importing Assets/Wand and Circles/Polygon City Free Pack - Environment and Interior/Materials/PaperTexture.mat using Guid(41a8b341ff5320d499cd2dcc490a87f9) Importer(815301076,1909f56bfc062723c751e8b465ee728b)  -> (artifact id: 'a91b1221784608f76baf68eae630df82') in 0.022742 seconds
Number of updated asset objects reloaded before import = 0
Number of asset objects unloaded after import = 2
========================================================================
Received Import Request.
  Time since last request: 0.000039 seconds.
  path: Packages/com.unity.probuilder/Content/Resources/Materials/VertexPickerHDRP.mat
  artifactKey: Guid(7d5c9fc287a2aa945a98203d41282923) Importer(815301076,1909f56bfc062723c751e8b465ee728b)
Start importing Packages/com.unity.probuilder/Content/Resources/Materials/VertexPickerHDRP.mat using Guid(7d5c9fc287a2aa945a98203d41282923) Importer(815301076,1909f56bfc062723c751e8b465ee728b)  -> (artifact id: '42fbb9b78c1c3f21498113759157e98f') in 0.022490 seconds
Number of updated asset objects reloaded before import = 0
Number of asset objects unloaded after import = 1
========================================================================
Received Import Request.
  Time since last request: 0.000023 seconds.
  path: Assets/Wand and Circles/Polygon City Free Pack - Environment and Interior/Materials/TMGS.mat
  artifactKey: Guid(6bbbf074a3ea7f34d9fac7ce64ebd4da) Importer(815301076,1909f56bfc062723c751e8b465ee728b)
Start importing Assets/Wand and Circles/Polygon City Free Pack - Environment and Interior/Materials/TMGS.mat using Guid(6bbbf074a3ea7f34d9fac7ce64ebd4da) Importer(815301076,1909f56bfc062723c751e8b465ee728b)  -> (artifact id: '845a77b86d0dc8abbfae6d55d3d4bf13') in 0.022576 seconds
Number of updated asset objects reloaded before import = 0
Number of asset objects unloaded after import = 2
========================================================================
Received Import Request.
  Time since last request: 0.000021 seconds.
  path: Packages/com.unity.probuilder/Content/Resources/Materials/Trigger.mat
  artifactKey: Guid(a1e97cbf2538241b691aae8243b5fb10) Importer(815301076,1909f56bfc062723c751e8b465ee728b)
Start importing Packages/com.unity.probuilder/Content/Resources/Materials/Trigger.mat using Guid(a1e97cbf2538241b691aae8243b5fb10) Importer(815301076,1909f56bfc062723c751e8b465ee728b)  -> (artifact id: '053f7596d0a8c44f9128a110661280fd') in 0.074981 seconds
Number of updated asset objects reloaded before import = 0
Number of asset objects unloaded after import = 2
========================================================================
Received Import Request.
  Time since last request: 0.000028 seconds.
  path: Packages/com.unity.probuilder/Content/Resources/Materials/VertexPicker.mat
  artifactKey: Guid(30a8575e1d4cc4e01a88ffbf4f973d80) Importer(815301076,1909f56bfc062723c751e8b465ee728b)
Start importing Packages/com.unity.probuilder/Content/Resources/Materials/VertexPicker.mat using Guid(30a8575e1d4cc4e01a88ffbf4f973d80) Importer(815301076,1909f56bfc062723c751e8b465ee728b)  -> (artifact id: '14af9f206e75e088d2c59c9e14ac36c4') in 0.022615 seconds
Number of updated asset objects reloaded before import = 0
Number of asset objects unloaded after import = 1
========================================================================
Received Import Request.
  Time since last request: 0.000118 seconds.
  path: Packages/com.unity.probuilder/Content/Resources/Materials/StandardVertexColorLWRP.mat
  artifactKey: Guid(077a003b1de1e4c35923be7a21b5d948) Importer(815301076,1909f56bfc062723c751e8b465ee728b)
Start importing Packages/com.unity.probuilder/Content/Resources/Materials/StandardVertexColorLWRP.mat using Guid(077a003b1de1e4c35923be7a21b5d948) Importer(815301076,1909f56bfc062723c751e8b465ee728b)  -> (artifact id: '43cd8eb74d1db4be49667a626dc3b971') in 0.023198 seconds
Number of updated asset objects reloaded before import = 0
Number of asset objects unloaded after import = 2
Editor requested this worker to shutdown with reason: Scaling down because of idle timeout
TcpMessagingSession - receive error: operation aborted. errorcode: 995, details: The I/O operation has been aborted because of either a thread exit or an application request.
AssetImportWorker is now disconnected from the server
Process exiting
Exiting without the bug reporter. Application will terminate with return code 0